{"C:\\Users\\jveme\\Documents\\GitHub\\MindUniversity_SecondChallenge_FullStackApp\\server\\src\\auth\\hashOperations.ts": {"path":"C:\\Users\\jveme\\Documents\\GitHub\\MindUniversity_SecondChallenge_FullStackApp\\server\\src\\auth\\hashOperations.ts","statementMap":{"0":{"start":{"line":1,"column":0},"end":{"line":1,"column":28}},"1":{"start":{"line":2,"column":0},"end":{"line":2,"column":67}},"2":{"start":{"line":9,"column":28},"end":{"line":13,"column":1}},"3":{"start":{"line":10,"column":14},"end":{"line":10,"column":56}},"4":{"start":{"line":11,"column":14},"end":{"line":11,"column":107}},"5":{"start":{"line":12,"column":1},"end":{"line":12,"column":23}},"6":{"start":{"line":9,"column":13},"end":{"line":9,"column":28}},"7":{"start":{"line":15,"column":35},"end":{"line":19,"column":1}},"8":{"start":{"line":16,"column":1},"end":{"line":18,"column":3}},"9":{"start":{"line":15,"column":13},"end":{"line":15,"column":35}}},"fnMap":{"0":{"name":"(anonymous_1)","decl":{"start":{"line":9,"column":28},"end":{"line":9,"column":29}},"loc":{"start":{"line":9,"column":45},"end":{"line":13,"column":1}}},"1":{"name":"(anonymous_2)","decl":{"start":{"line":15,"column":35},"end":{"line":15,"column":36}},"loc":{"start":{"line":15,"column":90},"end":{"line":19,"column":1}}}},"branchMap":{},"s":{"0":7,"1":7,"2":7,"3":1,"4":1,"5":1,"6":7,"7":7,"8":15,"9":7},"f":{"0":1,"1":15},"b":{}}
,"C:\\Users\\jveme\\Documents\\GitHub\\MindUniversity_SecondChallenge_FullStackApp\\server\\src\\auth\\index.ts": {"path":"C:\\Users\\jveme\\Documents\\GitHub\\MindUniversity_SecondChallenge_FullStackApp\\server\\src\\auth\\index.ts","statementMap":{"0":{"start":{"line":1,"column":0},"end":{"line":1,"column":33}},"1":{"start":{"line":2,"column":0},"end":{"line":2,"column":32}}},"fnMap":{},"branchMap":{},"s":{"0":7,"1":7},"f":{},"b":{}}
,"C:\\Users\\jveme\\Documents\\GitHub\\MindUniversity_SecondChallenge_FullStackApp\\server\\src\\auth\\jwtOperations.ts": {"path":"C:\\Users\\jveme\\Documents\\GitHub\\MindUniversity_SecondChallenge_FullStackApp\\server\\src\\auth\\jwtOperations.ts","statementMap":{"0":{"start":{"line":1,"column":0},"end":{"line":1,"column":47}},"1":{"start":{"line":2,"column":0},"end":{"line":2,"column":52}},"2":{"start":{"line":12,"column":29},"end":{"line":17,"column":1}},"3":{"start":{"line":13,"column":19},"end":{"line":13,"column":47}},"4":{"start":{"line":14,"column":1},"end":{"line":16,"column":4}},"5":{"start":{"line":12,"column":13},"end":{"line":12,"column":29}},"6":{"start":{"line":19,"column":27},"end":{"line":30,"column":1}},"7":{"start":{"line":20,"column":1},"end":{"line":29,"column":null}},"8":{"start":{"line":21,"column":2},"end":{"line":26,"column":null}},"9":{"start":{"line":22,"column":21},"end":{"line":22,"column":49}},"10":{"start":{"line":23,"column":3},"end":{"line":23,"column":55}},"11":{"start":{"line":25,"column":3},"end":{"line":25,"column":66}},"12":{"start":{"line":28,"column":2},"end":{"line":28,"column":60}},"13":{"start":{"line":19,"column":13},"end":{"line":19,"column":27}}},"fnMap":{"0":{"name":"(anonymous_1)","decl":{"start":{"line":12,"column":29},"end":{"line":12,"column":30}},"loc":{"start":{"line":12,"column":96},"end":{"line":17,"column":1}}},"1":{"name":"(anonymous_2)","decl":{"start":{"line":19,"column":27},"end":{"line":19,"column":28}},"loc":{"start":{"line":19,"column":41},"end":{"line":30,"column":1}}}},"branchMap":{"0":{"loc":{"start":{"line":13,"column":19},"end":{"line":13,"column":47}},"type":"binary-expr","locations":[{"start":{"line":13,"column":19},"end":{"line":13,"column":41}},{"start":{"line":13,"column":45},"end":{"line":13,"column":47}}]},"1":{"loc":{"start":{"line":20,"column":1},"end":{"line":29,"column":null}},"type":"if","locations":[{"start":{"line":20,"column":1},"end":{"line":29,"column":null}},{"start":{"line":27,"column":8},"end":{"line":29,"column":null}}]},"2":{"loc":{"start":{"line":22,"column":21},"end":{"line":22,"column":49}},"type":"binary-expr","locations":[{"start":{"line":22,"column":21},"end":{"line":22,"column":43}},{"start":{"line":22,"column":47},"end":{"line":22,"column":49}}]}},"s":{"0":7,"1":7,"2":7,"3":20,"4":20,"5":7,"6":7,"7":31,"8":25,"9":25,"10":25,"11":6,"12":6,"13":7},"f":{"0":20,"1":31},"b":{"0":[20,0],"1":[25,6],"2":[25,0]}}
,"C:\\Users\\jveme\\Documents\\GitHub\\MindUniversity_SecondChallenge_FullStackApp\\server\\src\\db\\knexfile.ts": {"path":"C:\\Users\\jveme\\Documents\\GitHub\\MindUniversity_SecondChallenge_FullStackApp\\server\\src\\db\\knexfile.ts","statementMap":{"0":{"start":{"line":1,"column":0},"end":{"line":1,"column":28}},"1":{"start":{"line":2,"column":0},"end":{"line":4,"column":3}},"2":{"start":{"line":6,"column":0},"end":{"line":23,"column":2}}},"fnMap":{},"branchMap":{},"s":{"0":7,"1":7,"2":7},"f":{},"b":{}}
,"C:\\Users\\jveme\\Documents\\GitHub\\MindUniversity_SecondChallenge_FullStackApp\\server\\src\\graphql\\resolvers.ts": {"path":"C:\\Users\\jveme\\Documents\\GitHub\\MindUniversity_SecondChallenge_FullStackApp\\server\\src\\graphql\\resolvers.ts","statementMap":{"0":{"start":{"line":1,"column":0},"end":{"line":1,"column":96}},"1":{"start":{"line":2,"column":0},"end":{"line":2,"column":98}},"2":{"start":{"line":3,"column":0},"end":{"line":3,"column":114}},"3":{"start":{"line":4,"column":0},"end":{"line":4,"column":92}},"4":{"start":{"line":6,"column":15},"end":{"line":23,"column":null}},"5":{"start":{"line":26,"column":0},"end":{"line":26,"column":25}}},"fnMap":{},"branchMap":{},"s":{"0":7,"1":7,"2":7,"3":7,"4":7,"5":7},"f":{},"b":{}}
,"C:\\Users\\jveme\\Documents\\GitHub\\MindUniversity_SecondChallenge_FullStackApp\\server\\src\\graphql\\shcema.ts": {"path":"C:\\Users\\jveme\\Documents\\GitHub\\MindUniversity_SecondChallenge_FullStackApp\\server\\src\\graphql\\shcema.ts","statementMap":{"0":{"start":{"line":1,"column":0},"end":{"line":1,"column":44}},"1":{"start":{"line":2,"column":0},"end":{"line":2,"column":50}},"2":{"start":{"line":3,"column":0},"end":{"line":3,"column":59}},"3":{"start":{"line":4,"column":0},"end":{"line":4,"column":41}},"4":{"start":{"line":6,"column":17},"end":{"line":6,"column":null}},"5":{"start":{"line":21,"column":16},"end":{"line":21,"column":92}},"6":{"start":{"line":23,"column":0},"end":{"line":23,"column":26}}},"fnMap":{},"branchMap":{},"s":{"0":7,"1":7,"2":7,"3":7,"4":7,"5":7,"6":7},"f":{},"b":{}}
,"C:\\Users\\jveme\\Documents\\GitHub\\MindUniversity_SecondChallenge_FullStackApp\\server\\src\\graphql\\account\\resolvers.ts": {"path":"C:\\Users\\jveme\\Documents\\GitHub\\MindUniversity_SecondChallenge_FullStackApp\\server\\src\\graphql\\account\\resolvers.ts","statementMap":{"0":{"start":{"line":1,"column":0},"end":{"line":1,"column":85}},"1":{"start":{"line":2,"column":0},"end":{"line":2,"column":41}},"2":{"start":{"line":4,"column":0},"end":{"line":4,"column":null}},"3":{"start":{"line":13,"column":0},"end":{"line":13,"column":75}},"4":{"start":{"line":15,"column":13},"end":{"line":84,"column":2}},"5":{"start":{"line":19,"column":8},"end":{"line":19,"column":10}},"6":{"start":{"line":19,"column":16},"end":{"line":19,"column":18}},"7":{"start":{"line":19,"column":23},"end":{"line":19,"column":41}},"8":{"start":{"line":21,"column":8},"end":{"line":21,"column":42}},"9":{"start":{"line":22,"column":6},"end":{"line":22,"column":18}},"10":{"start":{"line":23,"column":7},"end":{"line":23,"column":19}},"11":{"start":{"line":24,"column":8},"end":{"line":24,"column":12}},"12":{"start":{"line":25,"column":21},"end":{"line":29,"column":null}},"13":{"start":{"line":25,"column":11},"end":{"line":29,"column":null}},"14":{"start":{"line":30,"column":5},"end":{"line":34,"column":null}},"15":{"start":{"line":31,"column":6},"end":{"line":31,"column":21}},"16":{"start":{"line":33,"column":6},"end":{"line":33,"column":54}},"17":{"start":{"line":36,"column":5},"end":{"line":36,"column":58}},"18":{"start":{"line":39,"column":4},"end":{"line":39,"column":52}},"19":{"start":{"line":42,"column":3},"end":{"line":42,"column":50}},"20":{"start":{"line":48,"column":8},"end":{"line":48,"column":10}},"21":{"start":{"line":48,"column":16},"end":{"line":48,"column":18}},"22":{"start":{"line":48,"column":23},"end":{"line":48,"column":41}},"23":{"start":{"line":50,"column":8},"end":{"line":50,"column":42}},"24":{"start":{"line":51,"column":6},"end":{"line":51,"column":18}},"25":{"start":{"line":52,"column":7},"end":{"line":52,"column":19}},"26":{"start":{"line":53,"column":10},"end":{"line":53,"column":43}},"27":{"start":{"line":54,"column":26},"end":{"line":60,"column":null}},"28":{"start":{"line":59,"column":6},"end":{"line":59,"column":37}},"29":{"start":{"line":54,"column":10},"end":{"line":60,"column":null}},"30":{"start":{"line":61,"column":10},"end":{"line":61,"column":100}},"31":{"start":{"line":63,"column":10},"end":{"line":63,"column":34}},"32":{"start":{"line":64,"column":10},"end":{"line":64,"column":67}},"33":{"start":{"line":65,"column":10},"end":{"line":65,"column":61}},"34":{"start":{"line":66,"column":21},"end":{"line":72,"column":null}},"35":{"start":{"line":66,"column":10},"end":{"line":72,"column":null}},"36":{"start":{"line":73,"column":4},"end":{"line":76,"column":6}},"37":{"start":{"line":78,"column":4},"end":{"line":78,"column":52}},"38":{"start":{"line":81,"column":3},"end":{"line":81,"column":50}},"39":{"start":{"line":86,"column":13},"end":{"line":90,"column":2}},"40":{"start":{"line":92,"column":13},"end":{"line":99,"column":2}},"41":{"start":{"line":93,"column":57},"end":{"line":93,"column":59}},"42":{"start":{"line":93,"column":65},"end":{"line":93,"column":83}},"43":{"start":{"line":94,"column":2},"end":{"line":94,"column":null}},"44":{"start":{"line":95,"column":62},"end":{"line":95,"column":64}},"45":{"start":{"line":95,"column":70},"end":{"line":95,"column":88}},"46":{"start":{"line":96,"column":2},"end":{"line":96,"column":null}},"47":{"start":{"line":97,"column":64},"end":{"line":97,"column":66}},"48":{"start":{"line":97,"column":72},"end":{"line":97,"column":90}},"49":{"start":{"line":98,"column":2},"end":{"line":98,"column":null}}},"fnMap":{"0":{"name":"(anonymous_13)","decl":{"start":{"line":16,"column":10},"end":{"line":16,"column":null}},"loc":{"start":{"line":19,"column":41},"end":{"line":44,"column":null}}},"1":{"name":"(anonymous_16)","decl":{"start":{"line":45,"column":11},"end":{"line":45,"column":null}},"loc":{"start":{"line":48,"column":41},"end":{"line":83,"column":null}}},"2":{"name":"(anonymous_19)","decl":{"start":{"line":58,"column":11},"end":{"line":58,"column":12}},"loc":{"start":{"line":58,"column":17},"end":{"line":60,"column":6}}},"3":{"name":"(anonymous_20)","decl":{"start":{"line":93,"column":7},"end":{"line":93,"column":14}},"loc":{"start":{"line":93,"column":83},"end":{"line":94,"column":null}}},"4":{"name":"(anonymous_23)","decl":{"start":{"line":95,"column":12},"end":{"line":95,"column":19}},"loc":{"start":{"line":95,"column":88},"end":{"line":96,"column":null}}},"5":{"name":"(anonymous_26)","decl":{"start":{"line":97,"column":14},"end":{"line":97,"column":21}},"loc":{"start":{"line":97,"column":90},"end":{"line":98,"column":null}}}},"branchMap":{"0":{"loc":{"start":{"line":36,"column":5},"end":{"line":36,"column":58}},"type":"switch","locations":[{"start":{"line":36,"column":5},"end":{"line":36,"column":58}},{"start":{"line":39,"column":4},"end":{"line":39,"column":52}},{"start":{"line":42,"column":3},"end":{"line":42,"column":50}}]},"1":{"loc":{"start":{"line":22,"column":6},"end":{"line":22,"column":18}},"type":"if","locations":[{"start":{"line":22,"column":6},"end":{"line":22,"column":18}}]},"2":{"loc":{"start":{"line":23,"column":7},"end":{"line":23,"column":19}},"type":"if","locations":[{"start":{"line":23,"column":7},"end":{"line":23,"column":19}}]},"3":{"loc":{"start":{"line":24,"column":8},"end":{"line":24,"column":12}},"type":"if","locations":[{"start":{"line":24,"column":8},"end":{"line":24,"column":12}}]},"4":{"loc":{"start":{"line":30,"column":5},"end":{"line":34,"column":null}},"type":"if","locations":[{"start":{"line":30,"column":5},"end":{"line":34,"column":null}},{"start":{"line":32,"column":12},"end":{"line":34,"column":null}}]},"5":{"loc":{"start":{"line":78,"column":4},"end":{"line":78,"column":52}},"type":"switch","locations":[{"start":{"line":78,"column":4},"end":{"line":78,"column":52}},{"start":{"line":81,"column":3},"end":{"line":81,"column":50}}]},"6":{"loc":{"start":{"line":51,"column":6},"end":{"line":51,"column":18}},"type":"if","locations":[{"start":{"line":51,"column":6},"end":{"line":51,"column":18}}]},"7":{"loc":{"start":{"line":52,"column":7},"end":{"line":52,"column":19}},"type":"if","locations":[{"start":{"line":52,"column":7},"end":{"line":52,"column":19}}]},"8":{"loc":{"start":{"line":53,"column":19},"end":{"line":53,"column":42}},"type":"binary-expr","locations":[{"start":{"line":53,"column":19},"end":{"line":53,"column":36}},{"start":{"line":53,"column":40},"end":{"line":53,"column":42}}]},"9":{"loc":{"start":{"line":61,"column":24},"end":{"line":61,"column":99}},"type":"cond-expr","locations":[{"start":{"line":61,"column":60},"end":{"line":61,"column":83}},{"start":{"line":61,"column":86},"end":{"line":61,"column":99}}]},"10":{"loc":{"start":{"line":64,"column":34},"end":{"line":64,"column":65}},"type":"binary-expr","locations":[{"start":{"line":64,"column":34},"end":{"line":64,"column":50}},{"start":{"line":64,"column":54},"end":{"line":64,"column":65}}]},"11":{"loc":{"start":{"line":65,"column":28},"end":{"line":65,"column":59}},"type":"binary-expr","locations":[{"start":{"line":65,"column":28},"end":{"line":65,"column":44}},{"start":{"line":65,"column":48},"end":{"line":65,"column":59}}]}},"s":{"0":7,"1":7,"2":7,"3":7,"4":7,"5":0,"6":0,"7":0,"8":0,"9":0,"10":0,"11":0,"12":0,"13":0,"14":0,"15":0,"16":0,"17":0,"18":0,"19":0,"20":0,"21":0,"22":0,"23":0,"24":0,"25":0,"26":0,"27":0,"28":0,"29":0,"30":0,"31":0,"32":0,"33":0,"34":0,"35":0,"36":0,"37":0,"38":0,"39":7,"40":7,"41":0,"42":0,"43":0,"44":0,"45":0,"46":0,"47":0,"48":0,"49":0},"f":{"0":0,"1":0,"2":0,"3":0,"4":0,"5":0},"b":{"0":[0,0,0],"1":[0],"2":[0],"3":[0],"4":[0,0],"5":[0,0],"6":[0],"7":[0],"8":[0,0],"9":[0,0],"10":[0,0],"11":[0,0]}}
,"C:\\Users\\jveme\\Documents\\GitHub\\MindUniversity_SecondChallenge_FullStackApp\\server\\src\\graphql\\account\\schema.ts": {"path":"C:\\Users\\jveme\\Documents\\GitHub\\MindUniversity_SecondChallenge_FullStackApp\\server\\src\\graphql\\account\\schema.ts","statementMap":{"0":{"start":{"line":1,"column":13},"end":{"line":27,"column":2}}},"fnMap":{},"branchMap":{},"s":{"0":7},"f":{},"b":{}}
,"C:\\Users\\jveme\\Documents\\GitHub\\MindUniversity_SecondChallenge_FullStackApp\\server\\src\\graphql\\account\\mutations\\createAccount.ts": {"path":"C:\\Users\\jveme\\Documents\\GitHub\\MindUniversity_SecondChallenge_FullStackApp\\server\\src\\graphql\\account\\mutations\\createAccount.ts","statementMap":{"0":{"start":{"line":1,"column":0},"end":{"line":1,"column":76}},"1":{"start":{"line":2,"column":0},"end":{"line":2,"column":44}},"2":{"start":{"line":4,"column":0},"end":{"line":4,"column":28}},"3":{"start":{"line":5,"column":0},"end":{"line":5,"column":null}},"4":{"start":{"line":12,"column":29},"end":{"line":68,"column":2}},"5":{"start":{"line":15,"column":7},"end":{"line":15,"column":9}},"6":{"start":{"line":15,"column":15},"end":{"line":15,"column":17}},"7":{"start":{"line":15,"column":22},"end":{"line":15,"column":40}},"8":{"start":{"line":17,"column":7},"end":{"line":17,"column":39}},"9":{"start":{"line":18,"column":5},"end":{"line":18,"column":15}},"10":{"start":{"line":19,"column":6},"end":{"line":19,"column":16}},"11":{"start":{"line":20,"column":7},"end":{"line":20,"column":11}},"12":{"start":{"line":21,"column":35},"end":{"line":21,"column":null}},"13":{"start":{"line":21,"column":10},"end":{"line":21,"column":null}},"14":{"start":{"line":22,"column":8},"end":{"line":22,"column":12}},"15":{"start":{"line":23,"column":11},"end":{"line":23,"column":38}},"16":{"start":{"line":24,"column":12},"end":{"line":52,"column":9}},"17":{"start":{"line":32,"column":12},"end":{"line":48,"column":8}},"18":{"start":{"line":33,"column":13},"end":{"line":33,"column":51}},"19":{"start":{"line":34,"column":14},"end":{"line":47,"column":11}},"20":{"start":{"line":43,"column":9},"end":{"line":46,"column":11}},"21":{"start":{"line":34,"column":7},"end":{"line":47,"column":11}},"22":{"start":{"line":50,"column":7},"end":{"line":50,"column":26}},"23":{"start":{"line":51,"column":7},"end":{"line":51,"column":36}},"24":{"start":{"line":24,"column":5},"end":{"line":52,"column":9}},"25":{"start":{"line":54,"column":5},"end":{"line":54,"column":63}},"26":{"start":{"line":57,"column":4},"end":{"line":57,"column":77}},"27":{"start":{"line":60,"column":3},"end":{"line":60,"column":55}},"28":{"start":{"line":63,"column":2},"end":{"line":66,"column":4}},"29":{"start":{"line":12,"column":13},"end":{"line":12,"column":29}}},"fnMap":{"0":{"name":"(anonymous_14)","decl":{"start":{"line":12,"column":29},"end":{"line":12,"column":null}},"loc":{"start":{"line":15,"column":40},"end":{"line":68,"column":2}}},"1":{"name":"(anonymous_17)","decl":{"start":{"line":32,"column":12},"end":{"line":32,"column":null}},"loc":{"start":{"line":32,"column":12},"end":{"line":48,"column":8}}},"2":{"name":"(anonymous_20)","decl":{"start":{"line":42,"column":14},"end":{"line":42,"column":null}},"loc":{"start":{"line":42,"column":14},"end":{"line":47,"column":9}}},"3":{"name":"(anonymous_21)","decl":{"start":{"line":49,"column":13},"end":{"line":49,"column":14}},"loc":{"start":{"line":49,"column":19},"end":{"line":52,"column":7}}}},"branchMap":{"0":{"loc":{"start":{"line":24,"column":5},"end":{"line":52,"column":9}},"type":"switch","locations":[{"start":{"line":24,"column":5},"end":{"line":52,"column":9}},{"start":{"line":54,"column":5},"end":{"line":54,"column":63}},{"start":{"line":57,"column":4},"end":{"line":57,"column":77}},{"start":{"line":60,"column":3},"end":{"line":60,"column":55}},{"start":{"line":63,"column":2},"end":{"line":66,"column":4}}]},"1":{"loc":{"start":{"line":18,"column":5},"end":{"line":18,"column":15}},"type":"if","locations":[{"start":{"line":18,"column":5},"end":{"line":18,"column":15}}]},"2":{"loc":{"start":{"line":19,"column":6},"end":{"line":19,"column":16}},"type":"if","locations":[{"start":{"line":19,"column":6},"end":{"line":19,"column":16}}]},"3":{"loc":{"start":{"line":20,"column":7},"end":{"line":20,"column":11}},"type":"if","locations":[{"start":{"line":20,"column":7},"end":{"line":20,"column":11}}]},"4":{"loc":{"start":{"line":20,"column":7},"end":{"line":20,"column":44}},"type":"binary-expr","locations":[{"start":{"line":20,"column":7},"end":{"line":20,"column":16}},{"start":{"line":20,"column":20},"end":{"line":20,"column":31}},{"start":{"line":20,"column":35},"end":{"line":20,"column":44}}]},"5":{"loc":{"start":{"line":22,"column":8},"end":{"line":22,"column":12}},"type":"if","locations":[{"start":{"line":22,"column":8},"end":{"line":22,"column":12}}]},"6":{"loc":{"start":{"line":34,"column":7},"end":{"line":47,"column":11}},"type":"switch","locations":[{"start":{"line":34,"column":7},"end":{"line":47,"column":11}}]}},"s":{"0":7,"1":7,"2":7,"3":7,"4":7,"5":0,"6":0,"7":0,"8":0,"9":0,"10":0,"11":0,"12":0,"13":0,"14":0,"15":0,"16":0,"17":0,"18":0,"19":0,"20":0,"21":0,"22":0,"23":0,"24":0,"25":0,"26":0,"27":0,"28":0,"29":7},"f":{"0":0,"1":0,"2":0,"3":0},"b":{"0":[0,0,0,0,0],"1":[0],"2":[0],"3":[0],"4":[0,0,0],"5":[0],"6":[0]}}
,"C:\\Users\\jveme\\Documents\\GitHub\\MindUniversity_SecondChallenge_FullStackApp\\server\\src\\graphql\\account\\mutations\\deleteAccount.ts": {"path":"C:\\Users\\jveme\\Documents\\GitHub\\MindUniversity_SecondChallenge_FullStackApp\\server\\src\\graphql\\account\\mutations\\deleteAccount.ts","statementMap":{"0":{"start":{"line":1,"column":0},"end":{"line":1,"column":76}},"1":{"start":{"line":2,"column":0},"end":{"line":2,"column":44}},"2":{"start":{"line":4,"column":0},"end":{"line":4,"column":117}},"3":{"start":{"line":6,"column":30},"end":{"line":42,"column":2}},"4":{"start":{"line":9,"column":7},"end":{"line":9,"column":9}},"5":{"start":{"line":9,"column":15},"end":{"line":9,"column":17}},"6":{"start":{"line":9,"column":22},"end":{"line":9,"column":40}},"7":{"start":{"line":11,"column":7},"end":{"line":11,"column":39}},"8":{"start":{"line":12,"column":5},"end":{"line":12,"column":15}},"9":{"start":{"line":13,"column":6},"end":{"line":13,"column":16}},"10":{"start":{"line":14,"column":7},"end":{"line":14,"column":11}},"11":{"start":{"line":15,"column":11},"end":{"line":29,"column":8}},"12":{"start":{"line":20,"column":11},"end":{"line":25,"column":7}},"13":{"start":{"line":21,"column":6},"end":{"line":24,"column":8}},"14":{"start":{"line":27,"column":6},"end":{"line":27,"column":25}},"15":{"start":{"line":28,"column":6},"end":{"line":28,"column":35}},"16":{"start":{"line":15,"column":4},"end":{"line":29,"column":8}},"17":{"start":{"line":31,"column":4},"end":{"line":31,"column":59}},"18":{"start":{"line":34,"column":3},"end":{"line":34,"column":55}},"19":{"start":{"line":37,"column":2},"end":{"line":40,"column":4}},"20":{"start":{"line":6,"column":13},"end":{"line":6,"column":30}}},"fnMap":{"0":{"name":"(anonymous_13)","decl":{"start":{"line":6,"column":30},"end":{"line":6,"column":null}},"loc":{"start":{"line":9,"column":40},"end":{"line":42,"column":2}}},"1":{"name":"(anonymous_16)","decl":{"start":{"line":20,"column":11},"end":{"line":20,"column":null}},"loc":{"start":{"line":20,"column":11},"end":{"line":25,"column":7}}},"2":{"name":"(anonymous_19)","decl":{"start":{"line":26,"column":12},"end":{"line":26,"column":13}},"loc":{"start":{"line":26,"column":18},"end":{"line":29,"column":6}}}},"branchMap":{"0":{"loc":{"start":{"line":15,"column":4},"end":{"line":29,"column":8}},"type":"switch","locations":[{"start":{"line":15,"column":4},"end":{"line":29,"column":8}},{"start":{"line":31,"column":4},"end":{"line":31,"column":59}},{"start":{"line":34,"column":3},"end":{"line":34,"column":55}},{"start":{"line":37,"column":2},"end":{"line":40,"column":4}}]},"1":{"loc":{"start":{"line":12,"column":5},"end":{"line":12,"column":15}},"type":"if","locations":[{"start":{"line":12,"column":5},"end":{"line":12,"column":15}}]},"2":{"loc":{"start":{"line":13,"column":6},"end":{"line":13,"column":16}},"type":"if","locations":[{"start":{"line":13,"column":6},"end":{"line":13,"column":16}}]},"3":{"loc":{"start":{"line":14,"column":7},"end":{"line":14,"column":11}},"type":"if","locations":[{"start":{"line":14,"column":7},"end":{"line":14,"column":11}}]}},"s":{"0":7,"1":7,"2":7,"3":7,"4":0,"5":0,"6":0,"7":0,"8":0,"9":0,"10":0,"11":0,"12":0,"13":0,"14":0,"15":0,"16":0,"17":0,"18":0,"19":0,"20":7},"f":{"0":0,"1":0,"2":0},"b":{"0":[0,0,0,0],"1":[0],"2":[0],"3":[0]}}
,"C:\\Users\\jveme\\Documents\\GitHub\\MindUniversity_SecondChallenge_FullStackApp\\server\\src\\graphql\\account\\mutations\\index.ts": {"path":"C:\\Users\\jveme\\Documents\\GitHub\\MindUniversity_SecondChallenge_FullStackApp\\server\\src\\graphql\\account\\mutations\\index.ts","statementMap":{"0":{"start":{"line":1,"column":0},"end":{"line":1,"column":32}},"1":{"start":{"line":2,"column":0},"end":{"line":2,"column":32}},"2":{"start":{"line":3,"column":0},"end":{"line":3,"column":32}}},"fnMap":{},"branchMap":{},"s":{"0":7,"1":7,"2":7},"f":{},"b":{}}
,"C:\\Users\\jveme\\Documents\\GitHub\\MindUniversity_SecondChallenge_FullStackApp\\server\\src\\graphql\\account\\mutations\\updateAccount.ts": {"path":"C:\\Users\\jveme\\Documents\\GitHub\\MindUniversity_SecondChallenge_FullStackApp\\server\\src\\graphql\\account\\mutations\\updateAccount.ts","statementMap":{"0":{"start":{"line":1,"column":0},"end":{"line":1,"column":76}},"1":{"start":{"line":3,"column":0},"end":{"line":3,"column":44}},"2":{"start":{"line":5,"column":0},"end":{"line":5,"column":null}},"3":{"start":{"line":12,"column":29},"end":{"line":62,"column":2}},"4":{"start":{"line":15,"column":7},"end":{"line":15,"column":9}},"5":{"start":{"line":15,"column":15},"end":{"line":15,"column":17}},"6":{"start":{"line":15,"column":22},"end":{"line":15,"column":40}},"7":{"start":{"line":17,"column":7},"end":{"line":17,"column":39}},"8":{"start":{"line":18,"column":5},"end":{"line":18,"column":15}},"9":{"start":{"line":19,"column":6},"end":{"line":19,"column":16}},"10":{"start":{"line":20,"column":48},"end":{"line":23,"column":null}},"11":{"start":{"line":20,"column":9},"end":{"line":23,"column":null}},"12":{"start":{"line":24,"column":7},"end":{"line":24,"column":22}},"13":{"start":{"line":25,"column":12},"end":{"line":25,"column":35}},"14":{"start":{"line":26,"column":8},"end":{"line":26,"column":12}},"15":{"start":{"line":27,"column":11},"end":{"line":30,"column":7}},"16":{"start":{"line":31,"column":5},"end":{"line":31,"column":44}},"17":{"start":{"line":31,"column":15},"end":{"line":31,"column":44}},"18":{"start":{"line":32,"column":5},"end":{"line":32,"column":50}},"19":{"start":{"line":32,"column":17},"end":{"line":32,"column":50}},"20":{"start":{"line":33,"column":5},"end":{"line":33,"column":44}},"21":{"start":{"line":33,"column":15},"end":{"line":33,"column":44}},"22":{"start":{"line":34,"column":12},"end":{"line":46,"column":9}},"23":{"start":{"line":38,"column":7},"end":{"line":41,"column":9}},"24":{"start":{"line":44,"column":7},"end":{"line":44,"column":26}},"25":{"start":{"line":45,"column":7},"end":{"line":45,"column":36}},"26":{"start":{"line":34,"column":5},"end":{"line":46,"column":9}},"27":{"start":{"line":48,"column":5},"end":{"line":48,"column":60}},"28":{"start":{"line":51,"column":4},"end":{"line":51,"column":87}},"29":{"start":{"line":54,"column":3},"end":{"line":54,"column":55}},"30":{"start":{"line":57,"column":2},"end":{"line":60,"column":4}},"31":{"start":{"line":12,"column":13},"end":{"line":12,"column":29}}},"fnMap":{"0":{"name":"(anonymous_13)","decl":{"start":{"line":12,"column":29},"end":{"line":12,"column":null}},"loc":{"start":{"line":15,"column":40},"end":{"line":62,"column":2}}},"1":{"name":"(anonymous_16)","decl":{"start":{"line":37,"column":12},"end":{"line":37,"column":null}},"loc":{"start":{"line":37,"column":12},"end":{"line":42,"column":7}}},"2":{"name":"(anonymous_17)","decl":{"start":{"line":43,"column":13},"end":{"line":43,"column":14}},"loc":{"start":{"line":43,"column":19},"end":{"line":46,"column":7}}}},"branchMap":{"0":{"loc":{"start":{"line":34,"column":5},"end":{"line":46,"column":9}},"type":"switch","locations":[{"start":{"line":34,"column":5},"end":{"line":46,"column":9}},{"start":{"line":48,"column":5},"end":{"line":48,"column":60}},{"start":{"line":51,"column":4},"end":{"line":51,"column":87}},{"start":{"line":54,"column":3},"end":{"line":54,"column":55}},{"start":{"line":57,"column":2},"end":{"line":60,"column":4}}]},"1":{"loc":{"start":{"line":18,"column":5},"end":{"line":18,"column":15}},"type":"if","locations":[{"start":{"line":18,"column":5},"end":{"line":18,"column":15}}]},"2":{"loc":{"start":{"line":19,"column":6},"end":{"line":19,"column":16}},"type":"if","locations":[{"start":{"line":19,"column":6},"end":{"line":19,"column":16}}]},"3":{"loc":{"start":{"line":24,"column":7},"end":{"line":24,"column":22}},"type":"if","locations":[{"start":{"line":24,"column":7},"end":{"line":24,"column":22}}]},"4":{"loc":{"start":{"line":26,"column":8},"end":{"line":26,"column":12}},"type":"if","locations":[{"start":{"line":26,"column":8},"end":{"line":26,"column":12}}]},"5":{"loc":{"start":{"line":26,"column":8},"end":{"line":26,"column":30}},"type":"binary-expr","locations":[{"start":{"line":26,"column":8},"end":{"line":26,"column":12}},{"start":{"line":26,"column":16},"end":{"line":26,"column":22}},{"start":{"line":26,"column":26},"end":{"line":26,"column":30}}]},"6":{"loc":{"start":{"line":31,"column":5},"end":{"line":31,"column":44}},"type":"if","locations":[{"start":{"line":31,"column":5},"end":{"line":31,"column":44}}]},"7":{"loc":{"start":{"line":32,"column":5},"end":{"line":32,"column":50}},"type":"if","locations":[{"start":{"line":32,"column":5},"end":{"line":32,"column":50}}]},"8":{"loc":{"start":{"line":33,"column":5},"end":{"line":33,"column":44}},"type":"if","locations":[{"start":{"line":33,"column":5},"end":{"line":33,"column":44}}]}},"s":{"0":7,"1":7,"2":7,"3":7,"4":0,"5":0,"6":0,"7":0,"8":0,"9":0,"10":0,"11":0,"12":0,"13":0,"14":0,"15":0,"16":0,"17":0,"18":0,"19":0,"20":0,"21":0,"22":0,"23":0,"24":0,"25":0,"26":0,"27":0,"28":0,"29":0,"30":0,"31":7},"f":{"0":0,"1":0,"2":0},"b":{"0":[0,0,0,0,0],"1":[0],"2":[0],"3":[0],"4":[0],"5":[0,0,0],"6":[0],"7":[0],"8":[0]}}
,"C:\\Users\\jveme\\Documents\\GitHub\\MindUniversity_SecondChallenge_FullStackApp\\server\\src\\graphql\\tests\\user\\queries.ts": {"path":"C:\\Users\\jveme\\Documents\\GitHub\\MindUniversity_SecondChallenge_FullStackApp\\server\\src\\graphql\\tests\\user\\queries.ts","statementMap":{"0":{"start":{"line":1,"column":0},"end":{"line":1,"column":36}},"1":{"start":{"line":3,"column":13},"end":{"line":7,"column":2}},"2":{"start":{"line":9,"column":13},"end":{"line":18,"column":2}},"3":{"start":{"line":20,"column":13},"end":{"line":27,"column":2}},"4":{"start":{"line":29,"column":13},"end":{"line":42,"column":2}},"5":{"start":{"line":44,"column":13},"end":{"line":51,"column":2}},"6":{"start":{"line":53,"column":13},"end":{"line":74,"column":2}},"7":{"start":{"line":76,"column":13},"end":{"line":83,"column":2}}},"fnMap":{},"branchMap":{"0":{"loc":{"start":{"line":3,"column":32},"end":{"line":7,"column":2}},"type":"binary-expr","locations":[{"start":{"line":3,"column":32},"end":{"line":3,"column":null}},{"start":{"line":3,"column":32},"end":{"line":7,"column":2}}]},"1":{"loc":{"start":{"line":9,"column":29},"end":{"line":18,"column":2}},"type":"binary-expr","locations":[{"start":{"line":9,"column":29},"end":{"line":9,"column":null}},{"start":{"line":9,"column":29},"end":{"line":18,"column":2}}]},"2":{"loc":{"start":{"line":20,"column":28},"end":{"line":27,"column":2}},"type":"binary-expr","locations":[{"start":{"line":20,"column":28},"end":{"line":20,"column":null}},{"start":{"line":20,"column":28},"end":{"line":27,"column":2}}]},"3":{"loc":{"start":{"line":29,"column":37},"end":{"line":42,"column":2}},"type":"binary-expr","locations":[{"start":{"line":29,"column":37},"end":{"line":29,"column":null}},{"start":{"line":29,"column":37},"end":{"line":42,"column":2}}]},"4":{"loc":{"start":{"line":44,"column":38},"end":{"line":51,"column":2}},"type":"binary-expr","locations":[{"start":{"line":44,"column":38},"end":{"line":44,"column":null}},{"start":{"line":44,"column":38},"end":{"line":51,"column":2}}]},"5":{"loc":{"start":{"line":53,"column":37},"end":{"line":74,"column":2}},"type":"binary-expr","locations":[{"start":{"line":53,"column":37},"end":{"line":53,"column":null}},{"start":{"line":53,"column":37},"end":{"line":74,"column":2}}]},"6":{"loc":{"start":{"line":76,"column":41},"end":{"line":83,"column":2}},"type":"binary-expr","locations":[{"start":{"line":76,"column":41},"end":{"line":76,"column":null}},{"start":{"line":76,"column":41},"end":{"line":83,"column":2}}]}},"s":{"0":7,"1":7,"2":7,"3":7,"4":7,"5":7,"6":7,"7":7},"f":{},"b":{"0":[7,7],"1":[7,7],"2":[7,7],"3":[7,7],"4":[7,7],"5":[7,7],"6":[7,7]}}
,"C:\\Users\\jveme\\Documents\\GitHub\\MindUniversity_SecondChallenge_FullStackApp\\server\\src\\graphql\\tests\\utils\\apolloConnection.ts": {"path":"C:\\Users\\jveme\\Documents\\GitHub\\MindUniversity_SecondChallenge_FullStackApp\\server\\src\\graphql\\tests\\utils\\apolloConnection.ts","statementMap":{"0":{"start":{"line":1,"column":0},"end":{"line":1,"column":45}},"1":{"start":{"line":2,"column":0},"end":{"line":2,"column":36}},"2":{"start":{"line":3,"column":0},"end":{"line":3,"column":40}},"3":{"start":{"line":5,"column":0},"end":{"line":5,"column":44}},"4":{"start":{"line":6,"column":0},"end":{"line":6,"column":43}},"5":{"start":{"line":8,"column":13},"end":{"line":16,"column":2}},"6":{"start":{"line":23,"column":30},"end":{"line":36,"column":1}},"7":{"start":{"line":24,"column":1},"end":{"line":35,"column":3}},"8":{"start":{"line":23,"column":13},"end":{"line":23,"column":30}}},"fnMap":{"0":{"name":"(anonymous_1)","decl":{"start":{"line":23,"column":30},"end":{"line":23,"column":31}},"loc":{"start":{"line":23,"column":45},"end":{"line":36,"column":1}}}},"branchMap":{},"s":{"0":7,"1":7,"2":7,"3":7,"4":7,"5":7,"6":7,"7":66,"8":7},"f":{"0":66},"b":{}}
,"C:\\Users\\jveme\\Documents\\GitHub\\MindUniversity_SecondChallenge_FullStackApp\\server\\src\\graphql\\tests\\utils\\getJWT.ts": {"path":"C:\\Users\\jveme\\Documents\\GitHub\\MindUniversity_SecondChallenge_FullStackApp\\server\\src\\graphql\\tests\\utils\\getJWT.ts","statementMap":{"0":{"start":{"line":1,"column":0},"end":{"line":1,"column":48}},"1":{"start":{"line":2,"column":0},"end":{"line":2,"column":59}},"2":{"start":{"line":4,"column":22},"end":{"line":11,"column":2}},"3":{"start":{"line":5,"column":17},"end":{"line":5,"column":33}},"4":{"start":{"line":6,"column":29},"end":{"line":9,"column":null}},"5":{"start":{"line":6,"column":15},"end":{"line":6,"column":29}},"6":{"start":{"line":10,"column":1},"end":{"line":10,"column":25}},"7":{"start":{"line":4,"column":13},"end":{"line":4,"column":22}}},"fnMap":{"0":{"name":"(anonymous_13)","decl":{"start":{"line":4,"column":22},"end":{"line":4,"column":null}},"loc":{"start":{"line":4,"column":22},"end":{"line":11,"column":2}}}},"branchMap":{"0":{"loc":{"start":{"line":10,"column":8},"end":{"line":10,"column":24}},"type":"cond-expr","locations":[{"start":{"line":10,"column":17},"end":{"line":10,"column":19}},{"start":{"line":10,"column":8},"end":{"line":10,"column":24}}]},"1":{"loc":{"start":{"line":10,"column":8},"end":{"line":10,"column":19}},"type":"binary-expr","locations":[{"start":{"line":10,"column":8},"end":{"line":10,"column":19}},{"start":{"line":10,"column":8},"end":{"line":10,"column":19}}]}},"s":{"0":6,"1":6,"2":19,"3":13,"4":13,"5":13,"6":13,"7":6},"f":{"0":26},"b":{"0":[0,13],"1":[13,13]}}
,"C:\\Users\\jveme\\Documents\\GitHub\\MindUniversity_SecondChallenge_FullStackApp\\server\\src\\graphql\\tests\\utils\\index.ts": {"path":"C:\\Users\\jveme\\Documents\\GitHub\\MindUniversity_SecondChallenge_FullStackApp\\server\\src\\graphql\\tests\\utils\\index.ts","statementMap":{"0":{"start":{"line":1,"column":0},"end":{"line":1,"column":35}},"1":{"start":{"line":2,"column":0},"end":{"line":2,"column":25}}},"fnMap":{},"branchMap":{},"s":{"0":6,"1":6},"f":{},"b":{}}
,"C:\\Users\\jveme\\Documents\\GitHub\\MindUniversity_SecondChallenge_FullStackApp\\server\\src\\graphql\\user\\resolvers.ts": {"path":"C:\\Users\\jveme\\Documents\\GitHub\\MindUniversity_SecondChallenge_FullStackApp\\server\\src\\graphql\\user\\resolvers.ts","statementMap":{"0":{"start":{"line":1,"column":0},"end":{"line":1,"column":85}},"1":{"start":{"line":2,"column":0},"end":{"line":2,"column":89}},"2":{"start":{"line":3,"column":0},"end":{"line":3,"column":41}},"3":{"start":{"line":14,"column":13},"end":{"line":72,"column":2}},"4":{"start":{"line":18,"column":8},"end":{"line":18,"column":10}},"5":{"start":{"line":18,"column":16},"end":{"line":18,"column":18}},"6":{"start":{"line":18,"column":23},"end":{"line":18,"column":41}},"7":{"start":{"line":20,"column":6},"end":{"line":20,"column":17}},"8":{"start":{"line":21,"column":7},"end":{"line":21,"column":11}},"9":{"start":{"line":22,"column":17},"end":{"line":26,"column":null}},"10":{"start":{"line":22,"column":10},"end":{"line":26,"column":null}},"11":{"start":{"line":27,"column":4},"end":{"line":31,"column":null}},"12":{"start":{"line":28,"column":5},"end":{"line":28,"column":17}},"13":{"start":{"line":30,"column":5},"end":{"line":30,"column":50}},"14":{"start":{"line":33,"column":4},"end":{"line":33,"column":54}},"15":{"start":{"line":36,"column":3},"end":{"line":36,"column":50}},"16":{"start":{"line":42,"column":8},"end":{"line":42,"column":10}},"17":{"start":{"line":42,"column":16},"end":{"line":42,"column":18}},"18":{"start":{"line":42,"column":23},"end":{"line":42,"column":41}},"19":{"start":{"line":44,"column":6},"end":{"line":44,"column":17}},"20":{"start":{"line":45,"column":9},"end":{"line":45,"column":43}},"21":{"start":{"line":47,"column":22},"end":{"line":53,"column":null}},"22":{"start":{"line":52,"column":5},"end":{"line":52,"column":36}},"23":{"start":{"line":47,"column":9},"end":{"line":53,"column":null}},"24":{"start":{"line":54,"column":9},"end":{"line":54,"column":90}},"25":{"start":{"line":56,"column":9},"end":{"line":56,"column":33}},"26":{"start":{"line":57,"column":9},"end":{"line":57,"column":66}},"27":{"start":{"line":58,"column":9},"end":{"line":58,"column":60}},"28":{"start":{"line":59,"column":17},"end":{"line":65,"column":null}},"29":{"start":{"line":59,"column":9},"end":{"line":65,"column":null}},"30":{"start":{"line":67,"column":3},"end":{"line":67,"column":45}},"31":{"start":{"line":69,"column":3},"end":{"line":69,"column":50}},"32":{"start":{"line":74,"column":13},"end":{"line":80,"column":2}},"33":{"start":{"line":82,"column":13},"end":{"line":87,"column":2}},"34":{"start":{"line":83,"column":55},"end":{"line":83,"column":57}},"35":{"start":{"line":83,"column":63},"end":{"line":83,"column":81}},"36":{"start":{"line":84,"column":2},"end":{"line":84,"column":null}},"37":{"start":{"line":85,"column":62},"end":{"line":85,"column":64}},"38":{"start":{"line":85,"column":70},"end":{"line":85,"column":88}},"39":{"start":{"line":86,"column":2},"end":{"line":86,"column":null}},"40":{"start":{"line":89,"column":13},"end":{"line":97,"column":2}},"41":{"start":{"line":90,"column":64},"end":{"line":90,"column":66}},"42":{"start":{"line":90,"column":72},"end":{"line":90,"column":90}},"43":{"start":{"line":91,"column":2},"end":{"line":91,"column":null}},"44":{"start":{"line":92,"column":64},"end":{"line":92,"column":66}},"45":{"start":{"line":92,"column":72},"end":{"line":92,"column":90}},"46":{"start":{"line":93,"column":2},"end":{"line":96,"column":null}}},"fnMap":{"0":{"name":"(anonymous_13)","decl":{"start":{"line":15,"column":7},"end":{"line":15,"column":null}},"loc":{"start":{"line":18,"column":41},"end":{"line":38,"column":null}}},"1":{"name":"(anonymous_16)","decl":{"start":{"line":39,"column":8},"end":{"line":39,"column":null}},"loc":{"start":{"line":42,"column":41},"end":{"line":71,"column":null}}},"2":{"name":"(anonymous_19)","decl":{"start":{"line":51,"column":10},"end":{"line":51,"column":11}},"loc":{"start":{"line":51,"column":16},"end":{"line":53,"column":5}}},"3":{"name":"(anonymous_20)","decl":{"start":{"line":83,"column":11},"end":{"line":83,"column":18}},"loc":{"start":{"line":83,"column":81},"end":{"line":84,"column":null}}},"4":{"name":"(anonymous_23)","decl":{"start":{"line":85,"column":18},"end":{"line":85,"column":25}},"loc":{"start":{"line":85,"column":88},"end":{"line":86,"column":null}}},"5":{"name":"(anonymous_26)","decl":{"start":{"line":90,"column":12},"end":{"line":90,"column":19}},"loc":{"start":{"line":90,"column":90},"end":{"line":91,"column":null}}},"6":{"name":"(anonymous_29)","decl":{"start":{"line":92,"column":12},"end":{"line":92,"column":19}},"loc":{"start":{"line":92,"column":90},"end":{"line":96,"column":null}}}},"branchMap":{"0":{"loc":{"start":{"line":33,"column":4},"end":{"line":33,"column":54}},"type":"switch","locations":[{"start":{"line":33,"column":4},"end":{"line":33,"column":54}},{"start":{"line":36,"column":3},"end":{"line":36,"column":50}}]},"1":{"loc":{"start":{"line":20,"column":6},"end":{"line":20,"column":17}},"type":"if","locations":[{"start":{"line":20,"column":6},"end":{"line":20,"column":17}}]},"2":{"loc":{"start":{"line":21,"column":7},"end":{"line":21,"column":11}},"type":"if","locations":[{"start":{"line":21,"column":7},"end":{"line":21,"column":11}}]},"3":{"loc":{"start":{"line":27,"column":4},"end":{"line":31,"column":null}},"type":"if","locations":[{"start":{"line":27,"column":4},"end":{"line":31,"column":null}},{"start":{"line":29,"column":11},"end":{"line":31,"column":null}}]},"4":{"loc":{"start":{"line":69,"column":3},"end":{"line":69,"column":50}},"type":"switch","locations":[{"start":{"line":69,"column":3},"end":{"line":69,"column":50}}]},"5":{"loc":{"start":{"line":44,"column":6},"end":{"line":44,"column":17}},"type":"if","locations":[{"start":{"line":44,"column":6},"end":{"line":44,"column":17}}]},"6":{"loc":{"start":{"line":45,"column":18},"end":{"line":45,"column":42}},"type":"binary-expr","locations":[{"start":{"line":45,"column":18},"end":{"line":45,"column":36}},{"start":{"line":45,"column":40},"end":{"line":45,"column":42}}]},"7":{"loc":{"start":{"line":54,"column":23},"end":{"line":54,"column":89}},"type":"cond-expr","locations":[{"start":{"line":54,"column":56},"end":{"line":54,"column":76}},{"start":{"line":54,"column":79},"end":{"line":54,"column":89}}]},"8":{"loc":{"start":{"line":57,"column":33},"end":{"line":57,"column":64}},"type":"binary-expr","locations":[{"start":{"line":57,"column":33},"end":{"line":57,"column":49}},{"start":{"line":57,"column":53},"end":{"line":57,"column":64}}]},"9":{"loc":{"start":{"line":58,"column":27},"end":{"line":58,"column":58}},"type":"binary-expr","locations":[{"start":{"line":58,"column":27},"end":{"line":58,"column":43}},{"start":{"line":58,"column":47},"end":{"line":58,"column":58}}]}},"s":{"0":7,"1":7,"2":7,"3":7,"4":5,"5":5,"6":5,"7":5,"8":4,"9":2,"10":2,"11":2,"12":1,"13":1,"14":1,"15":0,"16":3,"17":3,"18":3,"19":3,"20":1,"21":1,"22":1,"23":1,"24":1,"25":1,"26":1,"27":1,"28":1,"29":1,"30":1,"31":0,"32":7,"33":7,"34":0,"35":0,"36":0,"37":0,"38":0,"39":0,"40":7,"41":0,"42":0,"43":0,"44":0,"45":0,"46":0},"f":{"0":5,"1":3,"2":1,"3":0,"4":0,"5":0,"6":0},"b":{"0":[1,0],"1":[0],"2":[1],"3":[1,1],"4":[0],"5":[0],"6":[1,1],"7":[0,1],"8":[1,1],"9":[1,1]}}
,"C:\\Users\\jveme\\Documents\\GitHub\\MindUniversity_SecondChallenge_FullStackApp\\server\\src\\graphql\\user\\shcema.ts": {"path":"C:\\Users\\jveme\\Documents\\GitHub\\MindUniversity_SecondChallenge_FullStackApp\\server\\src\\graphql\\user\\shcema.ts","statementMap":{"0":{"start":{"line":1,"column":13},"end":{"line":40,"column":2}}},"fnMap":{},"branchMap":{},"s":{"0":7},"f":{},"b":{}}
,"C:\\Users\\jveme\\Documents\\GitHub\\MindUniversity_SecondChallenge_FullStackApp\\server\\src\\graphql\\user\\mutations\\createUser.ts": {"path":"C:\\Users\\jveme\\Documents\\GitHub\\MindUniversity_SecondChallenge_FullStackApp\\server\\src\\graphql\\user\\mutations\\createUser.ts","statementMap":{"0":{"start":{"line":1,"column":0},"end":{"line":1,"column":76}},"1":{"start":{"line":2,"column":0},"end":{"line":2,"column":28}},"2":{"start":{"line":3,"column":0},"end":{"line":3,"column":58}},"3":{"start":{"line":12,"column":26},"end":{"line":66,"column":2}},"4":{"start":{"line":15,"column":7},"end":{"line":15,"column":9}},"5":{"start":{"line":15,"column":15},"end":{"line":15,"column":17}},"6":{"start":{"line":15,"column":22},"end":{"line":15,"column":40}},"7":{"start":{"line":17,"column":7},"end":{"line":17,"column":39}},"8":{"start":{"line":18,"column":5},"end":{"line":18,"column":15}},"9":{"start":{"line":19,"column":33},"end":{"line":19,"column":null}},"10":{"start":{"line":19,"column":8},"end":{"line":19,"column":null}},"11":{"start":{"line":20,"column":41},"end":{"line":23,"column":null}},"12":{"start":{"line":20,"column":8},"end":{"line":23,"column":null}},"13":{"start":{"line":24,"column":6},"end":{"line":24,"column":10}},"14":{"start":{"line":25,"column":7},"end":{"line":25,"column":11}},"15":{"start":{"line":26,"column":10},"end":{"line":26,"column":27}},"16":{"start":{"line":27,"column":10},"end":{"line":27,"column":37}},"17":{"start":{"line":28,"column":11},"end":{"line":53,"column":8}},"18":{"start":{"line":35,"column":11},"end":{"line":50,"column":7}},"19":{"start":{"line":36,"column":6},"end":{"line":49,"column":10}},"20":{"start":{"line":45,"column":8},"end":{"line":48,"column":10}},"21":{"start":{"line":52,"column":6},"end":{"line":52,"column":35}},"22":{"start":{"line":28,"column":4},"end":{"line":53,"column":8}},"23":{"start":{"line":55,"column":4},"end":{"line":55,"column":77}},"24":{"start":{"line":58,"column":3},"end":{"line":58,"column":55}},"25":{"start":{"line":61,"column":2},"end":{"line":64,"column":4}},"26":{"start":{"line":12,"column":13},"end":{"line":12,"column":26}}},"fnMap":{"0":{"name":"(anonymous_14)","decl":{"start":{"line":12,"column":26},"end":{"line":12,"column":null}},"loc":{"start":{"line":15,"column":40},"end":{"line":66,"column":2}}},"1":{"name":"(anonymous_17)","decl":{"start":{"line":35,"column":11},"end":{"line":35,"column":null}},"loc":{"start":{"line":35,"column":11},"end":{"line":50,"column":7}}},"2":{"name":"(anonymous_20)","decl":{"start":{"line":44,"column":13},"end":{"line":44,"column":null}},"loc":{"start":{"line":44,"column":13},"end":{"line":49,"column":8}}},"3":{"name":"(anonymous_21)","decl":{"start":{"line":51,"column":12},"end":{"line":51,"column":13}},"loc":{"start":{"line":51,"column":18},"end":{"line":53,"column":6}}}},"branchMap":{"0":{"loc":{"start":{"line":28,"column":4},"end":{"line":53,"column":8}},"type":"switch","locations":[{"start":{"line":28,"column":4},"end":{"line":53,"column":8}},{"start":{"line":55,"column":4},"end":{"line":55,"column":77}},{"start":{"line":58,"column":3},"end":{"line":58,"column":55}},{"start":{"line":61,"column":2},"end":{"line":64,"column":4}}]},"1":{"loc":{"start":{"line":18,"column":5},"end":{"line":18,"column":15}},"type":"if","locations":[{"start":{"line":18,"column":5},"end":{"line":18,"column":15}}]},"2":{"loc":{"start":{"line":24,"column":6},"end":{"line":24,"column":10}},"type":"if","locations":[{"start":{"line":24,"column":6},"end":{"line":24,"column":10}}]},"3":{"loc":{"start":{"line":24,"column":6},"end":{"line":24,"column":null}},"type":"binary-expr","locations":[{"start":{"line":24,"column":6},"end":{"line":24,"column":19}},{"start":{"line":24,"column":23},"end":{"line":24,"column":40}}]},"4":{"loc":{"start":{"line":24,"column":6},"end":{"line":24,"column":19}},"type":"cond-expr","locations":[{"start":{"line":24,"column":10},"end":{"line":24,"column":12}},{"start":{"line":24,"column":6},"end":{"line":24,"column":19}}]},"5":{"loc":{"start":{"line":24,"column":6},"end":{"line":24,"column":12}},"type":"binary-expr","locations":[{"start":{"line":24,"column":6},"end":{"line":24,"column":12}},{"start":{"line":24,"column":6},"end":{"line":24,"column":12}}]},"6":{"loc":{"start":{"line":24,"column":23},"end":{"line":24,"column":40}},"type":"cond-expr","locations":[{"start":{"line":24,"column":31},"end":{"line":24,"column":33}},{"start":{"line":24,"column":23},"end":{"line":24,"column":40}}]},"7":{"loc":{"start":{"line":24,"column":23},"end":{"line":24,"column":33}},"type":"binary-expr","locations":[{"start":{"line":24,"column":23},"end":{"line":24,"column":33}},{"start":{"line":24,"column":23},"end":{"line":24,"column":33}}]},"8":{"loc":{"start":{"line":25,"column":7},"end":{"line":25,"column":11}},"type":"if","locations":[{"start":{"line":25,"column":7},"end":{"line":25,"column":11}}]},"9":{"loc":{"start":{"line":25,"column":7},"end":{"line":25,"column":69}},"type":"binary-expr","locations":[{"start":{"line":25,"column":7},"end":{"line":25,"column":17}},{"start":{"line":25,"column":21},"end":{"line":25,"column":34}},{"start":{"line":25,"column":38},"end":{"line":25,"column":52}},{"start":{"line":25,"column":56},"end":{"line":25,"column":69}}]}},"s":{"0":7,"1":7,"2":7,"3":7,"4":5,"5":5,"6":5,"7":5,"8":3,"9":3,"10":3,"11":3,"12":3,"13":4,"14":3,"15":1,"16":1,"17":1,"18":1,"19":1,"20":1,"21":0,"22":1,"23":1,"24":1,"25":0,"26":7},"f":{"0":5,"1":2,"2":1,"3":0},"b":{"0":[1,1,1,0],"1":[0],"2":[1],"3":[3,1],"4":[0,3],"5":[3,3],"6":[1,0],"7":[1,1],"8":[1],"9":[2,1,1,1]}}
,"C:\\Users\\jveme\\Documents\\GitHub\\MindUniversity_SecondChallenge_FullStackApp\\server\\src\\graphql\\user\\mutations\\deleteUsers.ts": {"path":"C:\\Users\\jveme\\Documents\\GitHub\\MindUniversity_SecondChallenge_FullStackApp\\server\\src\\graphql\\user\\mutations\\deleteUsers.ts","statementMap":{"0":{"start":{"line":1,"column":0},"end":{"line":1,"column":76}},"1":{"start":{"line":2,"column":0},"end":{"line":2,"column":44}},"2":{"start":{"line":11,"column":27},"end":{"line":58,"column":2}},"3":{"start":{"line":14,"column":7},"end":{"line":14,"column":9}},"4":{"start":{"line":14,"column":15},"end":{"line":14,"column":17}},"5":{"start":{"line":14,"column":22},"end":{"line":14,"column":40}},"6":{"start":{"line":16,"column":7},"end":{"line":16,"column":39}},"7":{"start":{"line":17,"column":5},"end":{"line":17,"column":15}},"8":{"start":{"line":18,"column":33},"end":{"line":18,"column":null}},"9":{"start":{"line":18,"column":8},"end":{"line":18,"column":null}},"10":{"start":{"line":19,"column":41},"end":{"line":22,"column":null}},"11":{"start":{"line":19,"column":8},"end":{"line":22,"column":null}},"12":{"start":{"line":23,"column":6},"end":{"line":23,"column":10}},"13":{"start":{"line":24,"column":7},"end":{"line":24,"column":11}},"14":{"start":{"line":25,"column":24},"end":{"line":25,"column":null}},"15":{"start":{"line":25,"column":10},"end":{"line":25,"column":null}},"16":{"start":{"line":26,"column":10},"end":{"line":26,"column":80}},"17":{"start":{"line":26,"column":53},"end":{"line":26,"column":79}},"18":{"start":{"line":27,"column":4},"end":{"line":45,"column":null}},"19":{"start":{"line":28,"column":5},"end":{"line":42,"column":9}},"20":{"start":{"line":34,"column":7},"end":{"line":37,"column":9}},"21":{"start":{"line":40,"column":7},"end":{"line":40,"column":26}},"22":{"start":{"line":41,"column":7},"end":{"line":41,"column":36}},"23":{"start":{"line":44,"column":5},"end":{"line":44,"column":62}},"24":{"start":{"line":47,"column":4},"end":{"line":47,"column":56}},"25":{"start":{"line":50,"column":3},"end":{"line":50,"column":55}},"26":{"start":{"line":53,"column":2},"end":{"line":56,"column":4}},"27":{"start":{"line":11,"column":13},"end":{"line":11,"column":27}}},"fnMap":{"0":{"name":"(anonymous_13)","decl":{"start":{"line":11,"column":27},"end":{"line":11,"column":null}},"loc":{"start":{"line":14,"column":40},"end":{"line":58,"column":2}}},"1":{"name":"(anonymous_16)","decl":{"start":{"line":26,"column":41},"end":{"line":26,"column":42}},"loc":{"start":{"line":26,"column":48},"end":{"line":26,"column":59}}},"2":{"name":"(anonymous_17)","decl":{"start":{"line":33,"column":12},"end":{"line":33,"column":null}},"loc":{"start":{"line":33,"column":12},"end":{"line":38,"column":7}}},"3":{"name":"(anonymous_18)","decl":{"start":{"line":39,"column":13},"end":{"line":39,"column":14}},"loc":{"start":{"line":39,"column":19},"end":{"line":42,"column":7}}}},"branchMap":{"0":{"loc":{"start":{"line":47,"column":4},"end":{"line":47,"column":56}},"type":"switch","locations":[{"start":{"line":47,"column":4},"end":{"line":47,"column":56}},{"start":{"line":50,"column":3},"end":{"line":50,"column":55}},{"start":{"line":53,"column":2},"end":{"line":56,"column":4}}]},"1":{"loc":{"start":{"line":17,"column":5},"end":{"line":17,"column":15}},"type":"if","locations":[{"start":{"line":17,"column":5},"end":{"line":17,"column":15}}]},"2":{"loc":{"start":{"line":23,"column":6},"end":{"line":23,"column":10}},"type":"if","locations":[{"start":{"line":23,"column":6},"end":{"line":23,"column":10}}]},"3":{"loc":{"start":{"line":23,"column":6},"end":{"line":23,"column":null}},"type":"binary-expr","locations":[{"start":{"line":23,"column":6},"end":{"line":23,"column":19}},{"start":{"line":23,"column":23},"end":{"line":23,"column":40}}]},"4":{"loc":{"start":{"line":23,"column":6},"end":{"line":23,"column":19}},"type":"cond-expr","locations":[{"start":{"line":23,"column":10},"end":{"line":23,"column":12}},{"start":{"line":23,"column":6},"end":{"line":23,"column":19}}]},"5":{"loc":{"start":{"line":23,"column":6},"end":{"line":23,"column":12}},"type":"binary-expr","locations":[{"start":{"line":23,"column":6},"end":{"line":23,"column":12}},{"start":{"line":23,"column":6},"end":{"line":23,"column":12}}]},"6":{"loc":{"start":{"line":23,"column":23},"end":{"line":23,"column":40}},"type":"cond-expr","locations":[{"start":{"line":23,"column":31},"end":{"line":23,"column":33}},{"start":{"line":23,"column":23},"end":{"line":23,"column":40}}]},"7":{"loc":{"start":{"line":23,"column":23},"end":{"line":23,"column":33}},"type":"binary-expr","locations":[{"start":{"line":23,"column":23},"end":{"line":23,"column":33}},{"start":{"line":23,"column":23},"end":{"line":23,"column":33}}]},"8":{"loc":{"start":{"line":24,"column":7},"end":{"line":24,"column":11}},"type":"if","locations":[{"start":{"line":24,"column":7},"end":{"line":24,"column":11}}]},"9":{"loc":{"start":{"line":27,"column":4},"end":{"line":45,"column":null}},"type":"if","locations":[{"start":{"line":27,"column":4},"end":{"line":45,"column":null}},{"start":{"line":43,"column":11},"end":{"line":45,"column":null}}]}},"s":{"0":7,"1":7,"2":7,"3":6,"4":6,"5":6,"6":6,"7":4,"8":4,"9":4,"10":4,"11":4,"12":5,"13":4,"14":2,"15":2,"16":2,"17":2,"18":2,"19":1,"20":1,"21":0,"22":0,"23":1,"24":1,"25":1,"26":0,"27":7},"f":{"0":6,"1":2,"2":1,"3":0},"b":{"0":[1,1,0],"1":[0],"2":[1],"3":[4,1],"4":[0,4],"5":[4,4],"6":[1,0],"7":[1,1],"8":[1],"9":[1,1]}}
,"C:\\Users\\jveme\\Documents\\GitHub\\MindUniversity_SecondChallenge_FullStackApp\\server\\src\\graphql\\user\\mutations\\index.ts": {"path":"C:\\Users\\jveme\\Documents\\GitHub\\MindUniversity_SecondChallenge_FullStackApp\\server\\src\\graphql\\user\\mutations\\index.ts","statementMap":{"0":{"start":{"line":1,"column":0},"end":{"line":1,"column":29}},"1":{"start":{"line":2,"column":0},"end":{"line":2,"column":30}},"2":{"start":{"line":3,"column":0},"end":{"line":3,"column":24}},"3":{"start":{"line":4,"column":0},"end":{"line":4,"column":29}},"4":{"start":{"line":5,"column":0},"end":{"line":5,"column":33}}},"fnMap":{},"branchMap":{},"s":{"0":7,"1":7,"2":7,"3":7,"4":7},"f":{},"b":{}}
,"C:\\Users\\jveme\\Documents\\GitHub\\MindUniversity_SecondChallenge_FullStackApp\\server\\src\\graphql\\user\\mutations\\login.ts": {"path":"C:\\Users\\jveme\\Documents\\GitHub\\MindUniversity_SecondChallenge_FullStackApp\\server\\src\\graphql\\user\\mutations\\login.ts","statementMap":{"0":{"start":{"line":1,"column":0},"end":{"line":1,"column":47}},"1":{"start":{"line":2,"column":0},"end":{"line":2,"column":67}},"2":{"start":{"line":7,"column":21},"end":{"line":34,"column":2}},"3":{"start":{"line":10,"column":7},"end":{"line":10,"column":9}},"4":{"start":{"line":10,"column":15},"end":{"line":10,"column":33}},"5":{"start":{"line":12,"column":5},"end":{"line":12,"column":9}},"6":{"start":{"line":13,"column":35},"end":{"line":13,"column":null}},"7":{"start":{"line":13,"column":8},"end":{"line":13,"column":null}},"8":{"start":{"line":14,"column":6},"end":{"line":14,"column":10}},"9":{"start":{"line":15,"column":7},"end":{"line":15,"column":26}},"10":{"start":{"line":16,"column":43},"end":{"line":16,"column":44}},"11":{"start":{"line":17,"column":7},"end":{"line":17,"column":null}},"12":{"start":{"line":18,"column":7},"end":{"line":18,"column":null}},"13":{"start":{"line":16,"column":10},"end":{"line":18,"column":null}},"14":{"start":{"line":19,"column":10},"end":{"line":19,"column":67}},"15":{"start":{"line":20,"column":10},"end":{"line":20,"column":65}},"16":{"start":{"line":21,"column":10},"end":{"line":21,"column":62}},"17":{"start":{"line":22,"column":10},"end":{"line":22,"column":68}},"18":{"start":{"line":24,"column":4},"end":{"line":24,"column":17}},"19":{"start":{"line":26,"column":4},"end":{"line":26,"column":51}},"20":{"start":{"line":29,"column":3},"end":{"line":29,"column":47}},"21":{"start":{"line":32,"column":2},"end":{"line":32,"column":75}},"22":{"start":{"line":7,"column":13},"end":{"line":7,"column":21}}},"fnMap":{"0":{"name":"(anonymous_13)","decl":{"start":{"line":7,"column":21},"end":{"line":7,"column":null}},"loc":{"start":{"line":10,"column":33},"end":{"line":34,"column":2}}}},"branchMap":{"0":{"loc":{"start":{"line":26,"column":4},"end":{"line":26,"column":51}},"type":"switch","locations":[{"start":{"line":26,"column":4},"end":{"line":26,"column":51}},{"start":{"line":29,"column":3},"end":{"line":29,"column":47}},{"start":{"line":32,"column":2},"end":{"line":32,"column":75}}]},"1":{"loc":{"start":{"line":12,"column":5},"end":{"line":12,"column":9}},"type":"if","locations":[{"start":{"line":12,"column":5},"end":{"line":12,"column":9}}]},"2":{"loc":{"start":{"line":12,"column":5},"end":{"line":12,"column":32}},"type":"binary-expr","locations":[{"start":{"line":12,"column":5},"end":{"line":12,"column":15}},{"start":{"line":12,"column":19},"end":{"line":12,"column":32}}]},"3":{"loc":{"start":{"line":14,"column":6},"end":{"line":14,"column":10}},"type":"if","locations":[{"start":{"line":14,"column":6},"end":{"line":14,"column":10}}]},"4":{"loc":{"start":{"line":15,"column":7},"end":{"line":15,"column":26}},"type":"if","locations":[{"start":{"line":15,"column":7},"end":{"line":15,"column":26}}]},"5":{"loc":{"start":{"line":16,"column":43},"end":{"line":16,"column":44}},"type":"if","locations":[{"start":{"line":16,"column":43},"end":{"line":16,"column":44}}]},"6":{"loc":{"start":{"line":19,"column":22},"end":{"line":19,"column":66}},"type":"cond-expr","locations":[{"start":{"line":19,"column":37},"end":{"line":19,"column":44}},{"start":{"line":19,"column":47},"end":{"line":19,"column":66}}]},"7":{"loc":{"start":{"line":19,"column":47},"end":{"line":19,"column":66}},"type":"cond-expr","locations":[{"start":{"line":19,"column":55},"end":{"line":19,"column":57}},{"start":{"line":19,"column":47},"end":{"line":19,"column":66}}]},"8":{"loc":{"start":{"line":19,"column":47},"end":{"line":19,"column":57}},"type":"binary-expr","locations":[{"start":{"line":19,"column":47},"end":{"line":19,"column":57}},{"start":{"line":19,"column":47},"end":{"line":19,"column":57}}]},"9":{"loc":{"start":{"line":20,"column":21},"end":{"line":20,"column":64}},"type":"cond-expr","locations":[{"start":{"line":20,"column":36},"end":{"line":20,"column":43}},{"start":{"line":20,"column":46},"end":{"line":20,"column":64}}]},"10":{"loc":{"start":{"line":20,"column":46},"end":{"line":20,"column":64}},"type":"cond-expr","locations":[{"start":{"line":20,"column":54},"end":{"line":20,"column":56}},{"start":{"line":20,"column":46},"end":{"line":20,"column":64}}]},"11":{"loc":{"start":{"line":20,"column":46},"end":{"line":20,"column":56}},"type":"binary-expr","locations":[{"start":{"line":20,"column":46},"end":{"line":20,"column":56}},{"start":{"line":20,"column":46},"end":{"line":20,"column":56}}]},"12":{"loc":{"start":{"line":21,"column":17},"end":{"line":21,"column":61}},"type":"cond-expr","locations":[{"start":{"line":21,"column":32},"end":{"line":21,"column":33}},{"start":{"line":21,"column":36},"end":{"line":21,"column":61}}]},"13":{"loc":{"start":{"line":21,"column":36},"end":{"line":21,"column":61}},"type":"cond-expr","locations":[{"start":{"line":21,"column":56},"end":{"line":21,"column":57}},{"start":{"line":21,"column":60},"end":{"line":21,"column":61}}]},"14":{"loc":{"start":{"line":21,"column":36},"end":{"line":21,"column":53}},"type":"cond-expr","locations":[{"start":{"line":21,"column":44},"end":{"line":21,"column":46}},{"start":{"line":21,"column":36},"end":{"line":21,"column":53}}]},"15":{"loc":{"start":{"line":21,"column":36},"end":{"line":21,"column":46}},"type":"binary-expr","locations":[{"start":{"line":21,"column":36},"end":{"line":21,"column":46}},{"start":{"line":21,"column":36},"end":{"line":21,"column":46}}]}},"s":{"0":7,"1":7,"2":7,"3":17,"4":17,"5":18,"6":16,"7":16,"8":17,"9":16,"10":28,"11":0,"12":14,"13":14,"14":14,"15":14,"16":14,"17":14,"18":14,"19":1,"20":1,"21":1,"22":7},"f":{"0":17},"b":{"0":[1,1,1],"1":[1],"2":[17,16],"3":[1],"4":[1],"5":[14],"6":[14,0],"7":[0,0],"8":[0,0],"9":[14,0],"10":[0,0],"11":[0,0],"12":[14,0],"13":[0,0],"14":[0,0],"15":[0,0]}}
,"C:\\Users\\jveme\\Documents\\GitHub\\MindUniversity_SecondChallenge_FullStackApp\\server\\src\\graphql\\user\\mutations\\updateUser.ts": {"path":"C:\\Users\\jveme\\Documents\\GitHub\\MindUniversity_SecondChallenge_FullStackApp\\server\\src\\graphql\\user\\mutations\\updateUser.ts","statementMap":{"0":{"start":{"line":2,"column":0},"end":{"line":2,"column":76}},"1":{"start":{"line":3,"column":0},"end":{"line":3,"column":58}},"2":{"start":{"line":5,"column":0},"end":{"line":5,"column":119}},"3":{"start":{"line":7,"column":26},"end":{"line":80,"column":2}},"4":{"start":{"line":10,"column":7},"end":{"line":10,"column":9}},"5":{"start":{"line":10,"column":15},"end":{"line":10,"column":17}},"6":{"start":{"line":10,"column":22},"end":{"line":10,"column":40}},"7":{"start":{"line":12,"column":7},"end":{"line":12,"column":39}},"8":{"start":{"line":13,"column":5},"end":{"line":13,"column":15}},"9":{"start":{"line":14,"column":6},"end":{"line":14,"column":16}},"10":{"start":{"line":15,"column":7},"end":{"line":15,"column":11}},"11":{"start":{"line":16,"column":43},"end":{"line":19,"column":null}},"12":{"start":{"line":16,"column":10},"end":{"line":19,"column":null}},"13":{"start":{"line":20,"column":8},"end":{"line":20,"column":20}},"14":{"start":{"line":21,"column":13},"end":{"line":21,"column":63}},"15":{"start":{"line":22,"column":9},"end":{"line":22,"column":14}},"16":{"start":{"line":23,"column":12},"end":{"line":26,"column":8}},"17":{"start":{"line":27,"column":6},"end":{"line":27,"column":61}},"18":{"start":{"line":27,"column":21},"end":{"line":27,"column":61}},"19":{"start":{"line":28,"column":6},"end":{"line":28,"column":58}},"20":{"start":{"line":28,"column":20},"end":{"line":28,"column":58}},"21":{"start":{"line":29,"column":6},"end":{"line":29,"column":69}},"22":{"start":{"line":29,"column":33},"end":{"line":29,"column":69}},"23":{"start":{"line":30,"column":13},"end":{"line":61,"column":10}},"24":{"start":{"line":33,"column":13},"end":{"line":57,"column":9}},"25":{"start":{"line":34,"column":12},"end":{"line":34,"column":17}},"26":{"start":{"line":35,"column":15},"end":{"line":35,"column":46}},"27":{"start":{"line":36,"column":9},"end":{"line":36,"column":48}},"28":{"start":{"line":36,"column":20},"end":{"line":36,"column":48}},"29":{"start":{"line":37,"column":9},"end":{"line":41,"column":null}},"30":{"start":{"line":38,"column":16},"end":{"line":38,"column":33}},"31":{"start":{"line":39,"column":10},"end":{"line":39,"column":40}},"32":{"start":{"line":40,"column":10},"end":{"line":40,"column":36}},"33":{"start":{"line":42,"column":16},"end":{"line":50,"column":13}},"34":{"start":{"line":46,"column":11},"end":{"line":49,"column":13}},"35":{"start":{"line":42,"column":9},"end":{"line":50,"column":13}},"36":{"start":{"line":52,"column":9},"end":{"line":55,"column":11}},"37":{"start":{"line":59,"column":8},"end":{"line":59,"column":27}},"38":{"start":{"line":60,"column":8},"end":{"line":60,"column":37}},"39":{"start":{"line":30,"column":6},"end":{"line":61,"column":10}},"40":{"start":{"line":63,"column":6},"end":{"line":63,"column":61}},"41":{"start":{"line":66,"column":5},"end":{"line":66,"column":85}},"42":{"start":{"line":69,"column":4},"end":{"line":69,"column":54}},"43":{"start":{"line":72,"column":3},"end":{"line":72,"column":55}},"44":{"start":{"line":75,"column":2},"end":{"line":78,"column":4}},"45":{"start":{"line":7,"column":13},"end":{"line":7,"column":26}}},"fnMap":{"0":{"name":"(anonymous_13)","decl":{"start":{"line":7,"column":26},"end":{"line":7,"column":null}},"loc":{"start":{"line":10,"column":40},"end":{"line":80,"column":2}}},"1":{"name":"(anonymous_16)","decl":{"start":{"line":33,"column":13},"end":{"line":33,"column":null}},"loc":{"start":{"line":33,"column":13},"end":{"line":57,"column":9}}},"2":{"name":"(anonymous_19)","decl":{"start":{"line":45,"column":16},"end":{"line":45,"column":null}},"loc":{"start":{"line":45,"column":16},"end":{"line":50,"column":11}}},"3":{"name":"(anonymous_20)","decl":{"start":{"line":58,"column":14},"end":{"line":58,"column":15}},"loc":{"start":{"line":58,"column":20},"end":{"line":61,"column":8}}}},"branchMap":{"0":{"loc":{"start":{"line":30,"column":6},"end":{"line":61,"column":10}},"type":"switch","locations":[{"start":{"line":30,"column":6},"end":{"line":61,"column":10}},{"start":{"line":63,"column":6},"end":{"line":63,"column":61}},{"start":{"line":66,"column":5},"end":{"line":66,"column":85}},{"start":{"line":69,"column":4},"end":{"line":69,"column":54}},{"start":{"line":72,"column":3},"end":{"line":72,"column":55}},{"start":{"line":75,"column":2},"end":{"line":78,"column":4}}]},"1":{"loc":{"start":{"line":13,"column":5},"end":{"line":13,"column":15}},"type":"if","locations":[{"start":{"line":13,"column":5},"end":{"line":13,"column":15}}]},"2":{"loc":{"start":{"line":14,"column":6},"end":{"line":14,"column":16}},"type":"if","locations":[{"start":{"line":14,"column":6},"end":{"line":14,"column":16}}]},"3":{"loc":{"start":{"line":15,"column":7},"end":{"line":15,"column":11}},"type":"if","locations":[{"start":{"line":15,"column":7},"end":{"line":15,"column":11}}]},"4":{"loc":{"start":{"line":20,"column":8},"end":{"line":20,"column":20}},"type":"if","locations":[{"start":{"line":20,"column":8},"end":{"line":20,"column":20}}]},"5":{"loc":{"start":{"line":22,"column":9},"end":{"line":22,"column":14}},"type":"if","locations":[{"start":{"line":22,"column":9},"end":{"line":22,"column":14}}]},"6":{"loc":{"start":{"line":22,"column":9},"end":{"line":22,"column":98}},"type":"binary-expr","locations":[{"start":{"line":22,"column":9},"end":{"line":22,"column":14}},{"start":{"line":22,"column":18},"end":{"line":22,"column":26}},{"start":{"line":22,"column":30},"end":{"line":22,"column":39}},{"start":{"line":22,"column":43},"end":{"line":22,"column":51}},{"start":{"line":22,"column":56},"end":{"line":22,"column":77}},{"start":{"line":22,"column":81},"end":{"line":22,"column":97}}]},"7":{"loc":{"start":{"line":27,"column":6},"end":{"line":27,"column":61}},"type":"if","locations":[{"start":{"line":27,"column":6},"end":{"line":27,"column":61}}]},"8":{"loc":{"start":{"line":28,"column":6},"end":{"line":28,"column":58}},"type":"if","locations":[{"start":{"line":28,"column":6},"end":{"line":28,"column":58}}]},"9":{"loc":{"start":{"line":29,"column":6},"end":{"line":29,"column":69}},"type":"if","locations":[{"start":{"line":29,"column":6},"end":{"line":29,"column":69}}]},"10":{"loc":{"start":{"line":42,"column":9},"end":{"line":50,"column":13}},"type":"switch","locations":[{"start":{"line":42,"column":9},"end":{"line":50,"column":13}},{"start":{"line":52,"column":9},"end":{"line":55,"column":11}}]},"11":{"loc":{"start":{"line":34,"column":12},"end":{"line":34,"column":17}},"type":"if","locations":[{"start":{"line":34,"column":12},"end":{"line":34,"column":17}}]},"12":{"loc":{"start":{"line":34,"column":12},"end":{"line":34,"column":29}},"type":"binary-expr","locations":[{"start":{"line":34,"column":12},"end":{"line":34,"column":17}},{"start":{"line":34,"column":21},"end":{"line":34,"column":29}}]},"13":{"loc":{"start":{"line":36,"column":9},"end":{"line":36,"column":48}},"type":"if","locations":[{"start":{"line":36,"column":9},"end":{"line":36,"column":48}}]},"14":{"loc":{"start":{"line":37,"column":9},"end":{"line":41,"column":null}},"type":"if","locations":[{"start":{"line":37,"column":9},"end":{"line":41,"column":null}}]}},"s":{"0":7,"1":7,"2":7,"3":7,"4":7,"5":7,"6":7,"7":7,"8":5,"9":6,"10":5,"11":3,"12":3,"13":4,"14":2,"15":3,"16":1,"17":1,"18":0,"19":1,"20":0,"21":1,"22":1,"23":1,"24":1,"25":1,"26":1,"27":1,"28":1,"29":1,"30":0,"31":0,"32":0,"33":1,"34":1,"35":1,"36":0,"37":0,"38":0,"39":1,"40":1,"41":1,"42":1,"43":1,"44":0,"45":7},"f":{"0":7,"1":2,"2":1,"3":0},"b":{"0":[1,1,1,1,1,0],"1":[0],"2":[1],"3":[1],"4":[1],"5":[1],"6":[2,1,1,1,1,1],"7":[0],"8":[0],"9":[1],"10":[1,0],"11":[0],"12":[1,0],"13":[1],"14":[0]}}
,"C:\\Users\\jveme\\Documents\\GitHub\\MindUniversity_SecondChallenge_FullStackApp\\server\\src\\graphql\\user\\mutations\\updateUserInfo.ts": {"path":"C:\\Users\\jveme\\Documents\\GitHub\\MindUniversity_SecondChallenge_FullStackApp\\server\\src\\graphql\\user\\mutations\\updateUserInfo.ts","statementMap":{"0":{"start":{"line":2,"column":0},"end":{"line":2,"column":60}},"1":{"start":{"line":3,"column":0},"end":{"line":3,"column":44}},"2":{"start":{"line":7,"column":30},"end":{"line":53,"column":2}},"3":{"start":{"line":10,"column":7},"end":{"line":10,"column":9}},"4":{"start":{"line":10,"column":15},"end":{"line":10,"column":17}},"5":{"start":{"line":10,"column":22},"end":{"line":10,"column":40}},"6":{"start":{"line":12,"column":7},"end":{"line":12,"column":39}},"7":{"start":{"line":13,"column":5},"end":{"line":13,"column":15}},"8":{"start":{"line":14,"column":41},"end":{"line":17,"column":null}},"9":{"start":{"line":14,"column":8},"end":{"line":17,"column":null}},"10":{"start":{"line":18,"column":6},"end":{"line":18,"column":18}},"11":{"start":{"line":19,"column":11},"end":{"line":19,"column":53}},"12":{"start":{"line":20,"column":7},"end":{"line":20,"column":19}},"13":{"start":{"line":21,"column":10},"end":{"line":24,"column":6}},"14":{"start":{"line":25,"column":4},"end":{"line":25,"column":68}},"15":{"start":{"line":25,"column":22},"end":{"line":25,"column":68}},"16":{"start":{"line":26,"column":4},"end":{"line":26,"column":77}},"17":{"start":{"line":26,"column":25},"end":{"line":26,"column":77}},"18":{"start":{"line":27,"column":4},"end":{"line":27,"column":50}},"19":{"start":{"line":27,"column":16},"end":{"line":27,"column":50}},"20":{"start":{"line":28,"column":11},"end":{"line":40,"column":8}},"21":{"start":{"line":32,"column":6},"end":{"line":35,"column":8}},"22":{"start":{"line":38,"column":6},"end":{"line":38,"column":25}},"23":{"start":{"line":39,"column":6},"end":{"line":39,"column":35}},"24":{"start":{"line":28,"column":4},"end":{"line":40,"column":8}},"25":{"start":{"line":42,"column":4},"end":{"line":42,"column":59}},"26":{"start":{"line":45,"column":3},"end":{"line":45,"column":83}},"27":{"start":{"line":48,"column":2},"end":{"line":51,"column":4}},"28":{"start":{"line":7,"column":13},"end":{"line":7,"column":30}}},"fnMap":{"0":{"name":"(anonymous_13)","decl":{"start":{"line":7,"column":30},"end":{"line":7,"column":null}},"loc":{"start":{"line":10,"column":40},"end":{"line":53,"column":2}}},"1":{"name":"(anonymous_16)","decl":{"start":{"line":31,"column":11},"end":{"line":31,"column":null}},"loc":{"start":{"line":31,"column":11},"end":{"line":36,"column":6}}},"2":{"name":"(anonymous_17)","decl":{"start":{"line":37,"column":12},"end":{"line":37,"column":13}},"loc":{"start":{"line":37,"column":18},"end":{"line":40,"column":6}}}},"branchMap":{"0":{"loc":{"start":{"line":28,"column":4},"end":{"line":40,"column":8}},"type":"switch","locations":[{"start":{"line":28,"column":4},"end":{"line":40,"column":8}},{"start":{"line":42,"column":4},"end":{"line":42,"column":59}},{"start":{"line":45,"column":3},"end":{"line":45,"column":83}},{"start":{"line":48,"column":2},"end":{"line":51,"column":4}}]},"1":{"loc":{"start":{"line":13,"column":5},"end":{"line":13,"column":15}},"type":"if","locations":[{"start":{"line":13,"column":5},"end":{"line":13,"column":15}}]},"2":{"loc":{"start":{"line":18,"column":6},"end":{"line":18,"column":18}},"type":"if","locations":[{"start":{"line":18,"column":6},"end":{"line":18,"column":18}}]},"3":{"loc":{"start":{"line":20,"column":7},"end":{"line":20,"column":19}},"type":"if","locations":[{"start":{"line":20,"column":7},"end":{"line":20,"column":19}}]},"4":{"loc":{"start":{"line":20,"column":7},"end":{"line":20,"column":48}},"type":"binary-expr","locations":[{"start":{"line":20,"column":7},"end":{"line":20,"column":19}},{"start":{"line":20,"column":23},"end":{"line":20,"column":38}},{"start":{"line":20,"column":42},"end":{"line":20,"column":48}}]},"5":{"loc":{"start":{"line":25,"column":4},"end":{"line":25,"column":68}},"type":"if","locations":[{"start":{"line":25,"column":4},"end":{"line":25,"column":68}}]},"6":{"loc":{"start":{"line":26,"column":4},"end":{"line":26,"column":77}},"type":"if","locations":[{"start":{"line":26,"column":4},"end":{"line":26,"column":77}}]},"7":{"loc":{"start":{"line":27,"column":4},"end":{"line":27,"column":50}},"type":"if","locations":[{"start":{"line":27,"column":4},"end":{"line":27,"column":50}}]}},"s":{"0":7,"1":7,"2":7,"3":5,"4":5,"5":5,"6":5,"7":3,"8":3,"9":3,"10":4,"11":2,"12":3,"13":1,"14":1,"15":1,"16":1,"17":1,"18":1,"19":1,"20":1,"21":1,"22":0,"23":0,"24":1,"25":1,"26":1,"27":0,"28":7},"f":{"0":5,"1":1,"2":0},"b":{"0":[1,1,1,0],"1":[0],"2":[1],"3":[1],"4":[2,1,1],"5":[1],"6":[1],"7":[1]}}
,"C:\\Users\\jveme\\Documents\\GitHub\\MindUniversity_SecondChallenge_FullStackApp\\server\\src\\graphql\\userAccount\\resolvers.ts": {"path":"C:\\Users\\jveme\\Documents\\GitHub\\MindUniversity_SecondChallenge_FullStackApp\\server\\src\\graphql\\userAccount\\resolvers.ts","statementMap":{"0":{"start":{"line":1,"column":0},"end":{"line":1,"column":85}},"1":{"start":{"line":2,"column":0},"end":{"line":2,"column":64}},"2":{"start":{"line":3,"column":0},"end":{"line":3,"column":41}},"3":{"start":{"line":6,"column":0},"end":{"line":6,"column":null}},"4":{"start":{"line":16,"column":13},"end":{"line":95,"column":2}},"5":{"start":{"line":20,"column":8},"end":{"line":20,"column":10}},"6":{"start":{"line":20,"column":16},"end":{"line":20,"column":18}},"7":{"start":{"line":20,"column":23},"end":{"line":20,"column":41}},"8":{"start":{"line":22,"column":8},"end":{"line":22,"column":42}},"9":{"start":{"line":23,"column":6},"end":{"line":23,"column":18}},"10":{"start":{"line":24,"column":7},"end":{"line":24,"column":19}},"11":{"start":{"line":25,"column":8},"end":{"line":25,"column":12}},"12":{"start":{"line":26,"column":25},"end":{"line":29,"column":null}},"13":{"start":{"line":26,"column":11},"end":{"line":29,"column":null}},"14":{"start":{"line":30,"column":5},"end":{"line":34,"column":null}},"15":{"start":{"line":31,"column":6},"end":{"line":31,"column":25}},"16":{"start":{"line":33,"column":6},"end":{"line":33,"column":59}},"17":{"start":{"line":36,"column":5},"end":{"line":36,"column":51}},"18":{"start":{"line":39,"column":4},"end":{"line":39,"column":52}},"19":{"start":{"line":42,"column":3},"end":{"line":42,"column":50}},"20":{"start":{"line":48,"column":8},"end":{"line":48,"column":10}},"21":{"start":{"line":48,"column":16},"end":{"line":48,"column":18}},"22":{"start":{"line":48,"column":23},"end":{"line":48,"column":41}},"23":{"start":{"line":50,"column":8},"end":{"line":50,"column":42}},"24":{"start":{"line":51,"column":6},"end":{"line":51,"column":18}},"25":{"start":{"line":52,"column":7},"end":{"line":52,"column":19}},"26":{"start":{"line":53,"column":10},"end":{"line":53,"column":34}},"27":{"start":{"line":54,"column":10},"end":{"line":54,"column":50}},"28":{"start":{"line":55,"column":10},"end":{"line":55,"column":44}},"29":{"start":{"line":56,"column":10},"end":{"line":64,"column":6}},"30":{"start":{"line":57,"column":5},"end":{"line":58,"column":102}},"31":{"start":{"line":58,"column":6},"end":{"line":58,"column":102}},"32":{"start":{"line":59,"column":5},"end":{"line":60,"column":99}},"33":{"start":{"line":60,"column":6},"end":{"line":60,"column":99}},"34":{"start":{"line":61,"column":5},"end":{"line":61,"column":89}},"35":{"start":{"line":61,"column":33},"end":{"line":61,"column":89}},"36":{"start":{"line":62,"column":5},"end":{"line":62,"column":89}},"37":{"start":{"line":62,"column":32},"end":{"line":62,"column":89}},"38":{"start":{"line":63,"column":5},"end":{"line":63,"column":20}},"39":{"start":{"line":65,"column":26},"end":{"line":72,"column":null}},"40":{"start":{"line":65,"column":10},"end":{"line":72,"column":null}},"41":{"start":{"line":74,"column":31},"end":{"line":81,"column":null}},"42":{"start":{"line":80,"column":6},"end":{"line":80,"column":34}},"43":{"start":{"line":74,"column":10},"end":{"line":81,"column":null}},"44":{"start":{"line":83,"column":4},"end":{"line":87,"column":6}},"45":{"start":{"line":89,"column":4},"end":{"line":89,"column":52}},"46":{"start":{"line":92,"column":3},"end":{"line":92,"column":50}},"47":{"start":{"line":97,"column":13},"end":{"line":100,"column":2}},"48":{"start":{"line":102,"column":13},"end":{"line":114,"column":2}},"49":{"start":{"line":103,"column":65},"end":{"line":103,"column":67}},"50":{"start":{"line":103,"column":73},"end":{"line":103,"column":91}},"51":{"start":{"line":104,"column":2},"end":{"line":104,"column":null}},"52":{"start":{"line":105,"column":68},"end":{"line":105,"column":70}},"53":{"start":{"line":105,"column":76},"end":{"line":105,"column":94}},"54":{"start":{"line":106,"column":2},"end":{"line":106,"column":null}},"55":{"start":{"line":107,"column":68},"end":{"line":107,"column":70}},"56":{"start":{"line":107,"column":76},"end":{"line":107,"column":94}},"57":{"start":{"line":108,"column":2},"end":{"line":108,"column":null}},"58":{"start":{"line":109,"column":70},"end":{"line":109,"column":72}},"59":{"start":{"line":109,"column":78},"end":{"line":109,"column":96}},"60":{"start":{"line":110,"column":2},"end":{"line":113,"column":null}}},"fnMap":{"0":{"name":"(anonymous_13)","decl":{"start":{"line":17,"column":14},"end":{"line":17,"column":null}},"loc":{"start":{"line":20,"column":41},"end":{"line":44,"column":null}}},"1":{"name":"(anonymous_16)","decl":{"start":{"line":45,"column":16},"end":{"line":45,"column":null}},"loc":{"start":{"line":48,"column":41},"end":{"line":94,"column":null}}},"2":{"name":"(anonymous_19)","decl":{"start":{"line":56,"column":25},"end":{"line":56,"column":26}},"loc":{"start":{"line":56,"column":52},"end":{"line":64,"column":5}}},"3":{"name":"(anonymous_20)","decl":{"start":{"line":79,"column":11},"end":{"line":79,"column":12}},"loc":{"start":{"line":79,"column":17},"end":{"line":81,"column":6}}},"4":{"name":"(anonymous_21)","decl":{"start":{"line":103,"column":7},"end":{"line":103,"column":14}},"loc":{"start":{"line":103,"column":91},"end":{"line":104,"column":null}}},"5":{"name":"(anonymous_24)","decl":{"start":{"line":105,"column":10},"end":{"line":105,"column":17}},"loc":{"start":{"line":105,"column":94},"end":{"line":106,"column":null}}},"6":{"name":"(anonymous_27)","decl":{"start":{"line":107,"column":10},"end":{"line":107,"column":17}},"loc":{"start":{"line":107,"column":94},"end":{"line":108,"column":null}}},"7":{"name":"(anonymous_30)","decl":{"start":{"line":109,"column":12},"end":{"line":109,"column":19}},"loc":{"start":{"line":109,"column":96},"end":{"line":113,"column":null}}}},"branchMap":{"0":{"loc":{"start":{"line":36,"column":5},"end":{"line":36,"column":51}},"type":"switch","locations":[{"start":{"line":36,"column":5},"end":{"line":36,"column":51}},{"start":{"line":39,"column":4},"end":{"line":39,"column":52}},{"start":{"line":42,"column":3},"end":{"line":42,"column":50}}]},"1":{"loc":{"start":{"line":23,"column":6},"end":{"line":23,"column":18}},"type":"if","locations":[{"start":{"line":23,"column":6},"end":{"line":23,"column":18}}]},"2":{"loc":{"start":{"line":24,"column":7},"end":{"line":24,"column":19}},"type":"if","locations":[{"start":{"line":24,"column":7},"end":{"line":24,"column":19}}]},"3":{"loc":{"start":{"line":25,"column":8},"end":{"line":25,"column":12}},"type":"if","locations":[{"start":{"line":25,"column":8},"end":{"line":25,"column":12}}]},"4":{"loc":{"start":{"line":30,"column":5},"end":{"line":34,"column":null}},"type":"if","locations":[{"start":{"line":30,"column":5},"end":{"line":34,"column":null}},{"start":{"line":32,"column":12},"end":{"line":34,"column":null}}]},"5":{"loc":{"start":{"line":89,"column":4},"end":{"line":89,"column":52}},"type":"switch","locations":[{"start":{"line":89,"column":4},"end":{"line":89,"column":52}},{"start":{"line":92,"column":3},"end":{"line":92,"column":50}}]},"6":{"loc":{"start":{"line":51,"column":6},"end":{"line":51,"column":18}},"type":"if","locations":[{"start":{"line":51,"column":6},"end":{"line":51,"column":18}}]},"7":{"loc":{"start":{"line":52,"column":7},"end":{"line":52,"column":19}},"type":"if","locations":[{"start":{"line":52,"column":7},"end":{"line":52,"column":19}}]},"8":{"loc":{"start":{"line":57,"column":5},"end":{"line":58,"column
[...]
,"C:\\Users\\jveme\\Documents\\GitHub\\MindUniversity_SecondChallenge_FullStackApp\\server\\src\\graphql\\v2\\userV2\\mutations\\index.ts": {"path":"C:\\Users\\jveme\\Documents\\GitHub\\MindUniversity_SecondChallenge_FullStackApp\\server\\src\\graphql\\v2\\userV2\\mutations\\index.ts","statementMap":{"0":{"start":{"line":1,"column":0},"end":{"line":1,"column":31}},"1":{"start":{"line":2,"column":0},"end":{"line":2,"column":32}},"2":{"start":{"line":3,"column":0},"end":{"line":3,"column":26}},"3":{"start":{"line":4,"column":0},"end":{"line":4,"column":31}},"4":{"start":{"line":5,"column":0},"end":{"line":5,"column":35}}},"fnMap":{},"branchMap":{},"s":{"0":7,"1":7,"2":7,"3":7,"4":7},"f":{},"b":{}}
,"C:\\Users\\jveme\\Documents\\GitHub\\MindUniversity_SecondChallenge_FullStackApp\\server\\src\\graphql\\v2\\userV2\\mutations\\loginV2.ts": {"path":"C:\\Users\\jveme\\Documents\\GitHub\\MindUniversity_SecondChallenge_FullStackApp\\server\\src\\graphql\\v2\\userV2\\mutations\\loginV2.ts","statementMap":{"0":{"start":{"line":1,"column":0},"end":{"line":1,"column":47}},"1":{"start":{"line":2,"column":0},"end":{"line":2,"column":70}},"2":{"start":{"line":6,"column":23},"end":{"line":30,"column":2}},"3":{"start":{"line":9,"column":9},"end":{"line":9,"column":27}},"4":{"start":{"line":11,"column":5},"end":{"line":11,"column":9}},"5":{"start":{"line":12,"column":15},"end":{"line":12,"column":null}},"6":{"start":{"line":12,"column":8},"end":{"line":12,"column":null}},"7":{"start":{"line":13,"column":6},"end":{"line":13,"column":10}},"8":{"start":{"line":14,"column":7},"end":{"line":14,"column":26}},"9":{"start":{"line":15,"column":21},"end":{"line":15,"column":null}},"10":{"start":{"line":15,"column":10},"end":{"line":15,"column":null}},"11":{"start":{"line":16,"column":10},"end":{"line":16,"column":67}},"12":{"start":{"line":17,"column":10},"end":{"line":17,"column":65}},"13":{"start":{"line":18,"column":10},"end":{"line":18,"column":62}},"14":{"start":{"line":19,"column":10},"end":{"line":19,"column":68}},"15":{"start":{"line":20,"column":4},"end":{"line":20,"column":17}},"16":{"start":{"line":22,"column":4},"end":{"line":22,"column":51}},"17":{"start":{"line":25,"column":3},"end":{"line":25,"column":47}},"18":{"start":{"line":28,"column":2},"end":{"line":28,"column":75}},"19":{"start":{"line":6,"column":13},"end":{"line":6,"column":23}}},"fnMap":{"0":{"name":"(anonymous_13)","decl":{"start":{"line":6,"column":23},"end":{"line":6,"column":null}},"loc":{"start":{"line":9,"column":27},"end":{"line":30,"column":2}}}},"branchMap":{"0":{"loc":{"start":{"line":22,"column":4},"end":{"line":22,"column":51}},"type":"switch","locations":[{"start":{"line":22,"column":4},"end":{"line":22,"column":51}},{"start":{"line":25,"column":3},"end":{"line":25,"column":47}},{"start":{"line":28,"column":2},"end":{"line":28,"column":75}}]},"1":{"loc":{"start":{"line":11,"column":5},"end":{"line":11,"column":9}},"type":"if","locations":[{"start":{"line":11,"column":5},"end":{"line":11,"column":9}}]},"2":{"loc":{"start":{"line":11,"column":5},"end":{"line":11,"column":32}},"type":"binary-expr","locations":[{"start":{"line":11,"column":5},"end":{"line":11,"column":15}},{"start":{"line":11,"column":19},"end":{"line":11,"column":32}}]},"3":{"loc":{"start":{"line":13,"column":6},"end":{"line":13,"column":10}},"type":"if","locations":[{"start":{"line":13,"column":6},"end":{"line":13,"column":10}}]},"4":{"loc":{"start":{"line":14,"column":7},"end":{"line":14,"column":26}},"type":"if","locations":[{"start":{"line":14,"column":7},"end":{"line":14,"column":26}}]},"5":{"loc":{"start":{"line":16,"column":22},"end":{"line":16,"column":66}},"type":"cond-expr","locations":[{"start":{"line":16,"column":37},"end":{"line":16,"column":44}},{"start":{"line":16,"column":47},"end":{"line":16,"column":66}}]},"6":{"loc":{"start":{"line":16,"column":47},"end":{"line":16,"column":66}},"type":"cond-expr","locations":[{"start":{"line":16,"column":55},"end":{"line":16,"column":57}},{"start":{"line":16,"column":47},"end":{"line":16,"column":66}}]},"7":{"loc":{"start":{"line":16,"column":47},"end":{"line":16,"column":57}},"type":"binary-expr","locations":[{"start":{"line":16,"column":47},"end":{"line":16,"column":57}},{"start":{"line":16,"column":47},"end":{"line":16,"column":57}}]},"8":{"loc":{"start":{"line":17,"column":21},"end":{"line":17,"column":64}},"type":"cond-expr","locations":[{"start":{"line":17,"column":36},"end":{"line":17,"column":43}},{"start":{"line":17,"column":46},"end":{"line":17,"column":64}}]},"9":{"loc":{"start":{"line":17,"column":46},"end":{"line":17,"column":64}},"type":"cond-expr","locations":[{"start":{"line":17,"column":54},"end":{"line":17,"column":56}},{"start":{"line":17,"column":46},"end":{"line":17,"column":64}}]},"10":{"loc":{"start":{"line":17,"column":46},"end":{"line":17,"column":56}},"type":"binary-expr","locations":[{"start":{"line":17,"column":46},"end":{"line":17,"column":56}},{"start":{"line":17,"column":46},"end":{"line":17,"column":56}}]},"11":{"loc":{"start":{"line":18,"column":17},"end":{"line":18,"column":61}},"type":"cond-expr","locations":[{"start":{"line":18,"column":32},"end":{"line":18,"column":33}},{"start":{"line":18,"column":36},"end":{"line":18,"column":61}}]},"12":{"loc":{"start":{"line":18,"column":36},"end":{"line":18,"column":61}},"type":"cond-expr","locations":[{"start":{"line":18,"column":56},"end":{"line":18,"column":57}},{"start":{"line":18,"column":60},"end":{"line":18,"column":61}}]},"13":{"loc":{"start":{"line":18,"column":36},"end":{"line":18,"column":53}},"type":"cond-expr","locations":[{"start":{"line":18,"column":44},"end":{"line":18,"column":46}},{"start":{"line":18,"column":36},"end":{"line":18,"column":53}}]},"14":{"loc":{"start":{"line":18,"column":36},"end":{"line":18,"column":46}},"type":"binary-expr","locations":[{"start":{"line":18,"column":36},"end":{"line":18,"column":46}},{"start":{"line":18,"column":36},"end":{"line":18,"column":46}}]}},"s":{"0":7,"1":7,"2":7,"3":0,"4":0,"5":0,"6":0,"7":0,"8":0,"9":0,"10":0,"11":0,"12":0,"13":0,"14":0,"15":0,"16":0,"17":0,"18":0,"19":7},"f":{"0":0},"b":{"0":[0,0,0],"1":[0],"2":[0,0],"3":[0],"4":[0],"5":[0,0],"6":[0,0],"7":[0,0],"8":[0,0],"9":[0,0],"10":[0,0],"11":[0,0],"12":[0,0],"13":[0,0],"14":[0,0]}}
,"C:\\Users\\jveme\\Documents\\GitHub\\MindUniversity_SecondChallenge_FullStackApp\\server\\src\\graphql\\v2\\userV2\\mutations\\updateUserInfoV2.ts": {"path":"C:\\Users\\jveme\\Documents\\GitHub\\MindUniversity_SecondChallenge_FullStackApp\\server\\src\\graphql\\v2\\userV2\\mutations\\updateUserInfoV2.ts","statementMap":{"0":{"start":{"line":1,"column":0},"end":{"line":1,"column":60}},"1":{"start":{"line":2,"column":0},"end":{"line":2,"column":47}},"2":{"start":{"line":7,"column":32},"end":{"line":50,"column":2}},"3":{"start":{"line":10,"column":8},"end":{"line":10,"column":10}},"4":{"start":{"line":10,"column":16},"end":{"line":10,"column":34}},"5":{"start":{"line":12,"column":7},"end":{"line":12,"column":39}},"6":{"start":{"line":13,"column":5},"end":{"line":13,"column":15}},"7":{"start":{"line":14,"column":23},"end":{"line":14,"column":null}},"8":{"start":{"line":14,"column":8},"end":{"line":14,"column":null}},"9":{"start":{"line":15,"column":6},"end":{"line":15,"column":18}},"10":{"start":{"line":16,"column":11},"end":{"line":16,"column":53}},"11":{"start":{"line":17,"column":7},"end":{"line":17,"column":19}},"12":{"start":{"line":18,"column":10},"end":{"line":20,"column":6}},"13":{"start":{"line":21,"column":4},"end":{"line":21,"column":68}},"14":{"start":{"line":21,"column":22},"end":{"line":21,"column":68}},"15":{"start":{"line":22,"column":4},"end":{"line":22,"column":77}},"16":{"start":{"line":22,"column":25},"end":{"line":22,"column":77}},"17":{"start":{"line":23,"column":4},"end":{"line":23,"column":50}},"18":{"start":{"line":23,"column":16},"end":{"line":23,"column":50}},"19":{"start":{"line":24,"column":11},"end":{"line":37,"column":8}},"20":{"start":{"line":30,"column":6},"end":{"line":33,"column":8}},"21":{"start":{"line":36,"column":6},"end":{"line":36,"column":35}},"22":{"start":{"line":24,"column":4},"end":{"line":37,"column":8}},"23":{"start":{"line":39,"column":4},"end":{"line":39,"column":59}},"24":{"start":{"line":42,"column":3},"end":{"line":42,"column":83}},"25":{"start":{"line":45,"column":2},"end":{"line":48,"column":4}},"26":{"start":{"line":7,"column":13},"end":{"line":7,"column":32}}},"fnMap":{"0":{"name":"(anonymous_13)","decl":{"start":{"line":7,"column":32},"end":{"line":7,"column":null}},"loc":{"start":{"line":10,"column":34},"end":{"line":50,"column":2}}},"1":{"name":"(anonymous_16)","decl":{"start":{"line":29,"column":11},"end":{"line":29,"column":null}},"loc":{"start":{"line":29,"column":11},"end":{"line":34,"column":6}}},"2":{"name":"(anonymous_17)","decl":{"start":{"line":35,"column":12},"end":{"line":35,"column":13}},"loc":{"start":{"line":35,"column":18},"end":{"line":37,"column":6}}}},"branchMap":{"0":{"loc":{"start":{"line":24,"column":4},"end":{"line":37,"column":8}},"type":"switch","locations":[{"start":{"line":24,"column":4},"end":{"line":37,"column":8}},{"start":{"line":39,"column":4},"end":{"line":39,"column":59}},{"start":{"line":42,"column":3},"end":{"line":42,"column":83}},{"start":{"line":45,"column":2},"end":{"line":48,"column":4}}]},"1":{"loc":{"start":{"line":13,"column":5},"end":{"line":13,"column":15}},"type":"if","locations":[{"start":{"line":13,"column":5},"end":{"line":13,"column":15}}]},"2":{"loc":{"start":{"line":15,"column":6},"end":{"line":15,"column":18}},"type":"if","locations":[{"start":{"line":15,"column":6},"end":{"line":15,"column":18}}]},"3":{"loc":{"start":{"line":17,"column":7},"end":{"line":17,"column":19}},"type":"if","locations":[{"start":{"line":17,"column":7},"end":{"line":17,"column":19}}]},"4":{"loc":{"start":{"line":17,"column":7},"end":{"line":17,"column":48}},"type":"binary-expr","locations":[{"start":{"line":17,"column":7},"end":{"line":17,"column":19}},{"start":{"line":17,"column":23},"end":{"line":17,"column":38}},{"start":{"line":17,"column":42},"end":{"line":17,"column":48}}]},"5":{"loc":{"start":{"line":21,"column":4},"end":{"line":21,"column":68}},"type":"if","locations":[{"start":{"line":21,"column":4},"end":{"line":21,"column":68}}]},"6":{"loc":{"start":{"line":22,"column":4},"end":{"line":22,"column":77}},"type":"if","locations":[{"start":{"line":22,"column":4},"end":{"line":22,"column":77}}]},"7":{"loc":{"start":{"line":23,"column":4},"end":{"line":23,"column":50}},"type":"if","locations":[{"start":{"line":23,"column":4},"end":{"line":23,"column":50}}]}},"s":{"0":7,"1":7,"2":7,"3":0,"4":0,"5":0,"6":0,"7":0,"8":0,"9":0,"10":0,"11":0,"12":0,"13":0,"14":0,"15":0,"16":0,"17":0,"18":0,"19":0,"20":0,"21":0,"22":0,"23":0,"24":0,"25":0,"26":7},"f":{"0":0,"1":0,"2":0},"b":{"0":[0,0,0,0],"1":[0],"2":[0],"3":[0],"4":[0,0,0],"5":[0],"6":[0],"7":[0]}}
,"C:\\Users\\jveme\\Documents\\GitHub\\MindUniversity_SecondChallenge_FullStackApp\\server\\src\\graphql\\v2\\userV2\\mutations\\updateUserV2.ts": {"path":"C:\\Users\\jveme\\Documents\\GitHub\\MindUniversity_SecondChallenge_FullStackApp\\server\\src\\graphql\\v2\\userV2\\mutations\\updateUserV2.ts","statementMap":{"0":{"start":{"line":1,"column":0},"end":{"line":1,"column":76}},"1":{"start":{"line":2,"column":0},"end":{"line":2,"column":61}},"2":{"start":{"line":4,"column":0},"end":{"line":4,"column":113}},"3":{"start":{"line":7,"column":28},"end":{"line":79,"column":2}},"4":{"start":{"line":10,"column":8},"end":{"line":10,"column":10}},"5":{"start":{"line":10,"column":16},"end":{"line":10,"column":34}},"6":{"start":{"line":12,"column":7},"end":{"line":12,"column":39}},"7":{"start":{"line":13,"column":5},"end":{"line":13,"column":15}},"8":{"start":{"line":14,"column":6},"end":{"line":14,"column":16}},"9":{"start":{"line":15,"column":7},"end":{"line":15,"column":11}},"10":{"start":{"line":16,"column":25},"end":{"line":16,"column":null}},"11":{"start":{"line":16,"column":10},"end":{"line":16,"column":null}},"12":{"start":{"line":17,"column":8},"end":{"line":17,"column":20}},"13":{"start":{"line":18,"column":13},"end":{"line":18,"column":63}},"14":{"start":{"line":19,"column":9},"end":{"line":19,"column":14}},"15":{"start":{"line":20,"column":12},"end":{"line":22,"column":8}},"16":{"start":{"line":23,"column":6},"end":{"line":23,"column":61}},"17":{"start":{"line":23,"column":21},"end":{"line":23,"column":61}},"18":{"start":{"line":24,"column":6},"end":{"line":24,"column":58}},"19":{"start":{"line":24,"column":20},"end":{"line":24,"column":58}},"20":{"start":{"line":25,"column":6},"end":{"line":25,"column":69}},"21":{"start":{"line":25,"column":33},"end":{"line":25,"column":69}},"22":{"start":{"line":26,"column":13},"end":{"line":60,"column":10}},"23":{"start":{"line":31,"column":13},"end":{"line":57,"column":9}},"24":{"start":{"line":32,"column":12},"end":{"line":32,"column":17}},"25":{"start":{"line":33,"column":15},"end":{"line":33,"column":46}},"26":{"start":{"line":34,"column":9},"end":{"line":34,"column":48}},"27":{"start":{"line":34,"column":20},"end":{"line":34,"column":48}},"28":{"start":{"line":35,"column":9},"end":{"line":39,"column":null}},"29":{"start":{"line":36,"column":16},"end":{"line":36,"column":33}},"30":{"start":{"line":37,"column":10},"end":{"line":37,"column":40}},"31":{"start":{"line":38,"column":10},"end":{"line":38,"column":36}},"32":{"start":{"line":40,"column":16},"end":{"line":50,"column":13}},"33":{"start":{"line":46,"column":11},"end":{"line":49,"column":13}},"34":{"start":{"line":40,"column":9},"end":{"line":50,"column":13}},"35":{"start":{"line":52,"column":9},"end":{"line":55,"column":11}},"36":{"start":{"line":59,"column":8},"end":{"line":59,"column":37}},"37":{"start":{"line":26,"column":6},"end":{"line":60,"column":10}},"38":{"start":{"line":62,"column":6},"end":{"line":62,"column":61}},"39":{"start":{"line":65,"column":5},"end":{"line":65,"column":85}},"40":{"start":{"line":68,"column":4},"end":{"line":68,"column":54}},"41":{"start":{"line":71,"column":3},"end":{"line":71,"column":55}},"42":{"start":{"line":74,"column":2},"end":{"line":77,"column":4}},"43":{"start":{"line":7,"column":13},"end":{"line":7,"column":28}}},"fnMap":{"0":{"name":"(anonymous_13)","decl":{"start":{"line":7,"column":28},"end":{"line":7,"column":null}},"loc":{"start":{"line":10,"column":34},"end":{"line":79,"column":2}}},"1":{"name":"(anonymous_16)","decl":{"start":{"line":31,"column":13},"end":{"line":31,"column":null}},"loc":{"start":{"line":31,"column":13},"end":{"line":57,"column":9}}},"2":{"name":"(anonymous_19)","decl":{"start":{"line":45,"column":16},"end":{"line":45,"column":null}},"loc":{"start":{"line":45,"column":16},"end":{"line":50,"column":11}}},"3":{"name":"(anonymous_20)","decl":{"start":{"line":58,"column":14},"end":{"line":58,"column":15}},"loc":{"start":{"line":58,"column":20},"end":{"line":60,"column":8}}}},"branchMap":{"0":{"loc":{"start":{"line":26,"column":6},"end":{"line":60,"column":10}},"type":"switch","locations":[{"start":{"line":26,"column":6},"end":{"line":60,"column":10}},{"start":{"line":62,"column":6},"end":{"line":62,"column":61}},{"start":{"line":65,"column":5},"end":{"line":65,"column":85}},{"start":{"line":68,"column":4},"end":{"line":68,"column":54}},{"start":{"line":71,"column":3},"end":{"line":71,"column":55}},{"start":{"line":74,"column":2},"end":{"line":77,"column":4}}]},"1":{"loc":{"start":{"line":13,"column":5},"end":{"line":13,"column":15}},"type":"if","locations":[{"start":{"line":13,"column":5},"end":{"line":13,"column":15}}]},"2":{"loc":{"start":{"line":14,"column":6},"end":{"line":14,"column":16}},"type":"if","locations":[{"start":{"line":14,"column":6},"end":{"line":14,"column":16}}]},"3":{"loc":{"start":{"line":15,"column":7},"end":{"line":15,"column":11}},"type":"if","locations":[{"start":{"line":15,"column":7},"end":{"line":15,"column":11}}]},"4":{"loc":{"start":{"line":17,"column":8},"end":{"line":17,"column":20}},"type":"if","locations":[{"start":{"line":17,"column":8},"end":{"line":17,"column":20}}]},"5":{"loc":{"start":{"line":19,"column":9},"end":{"line":19,"column":14}},"type":"if","locations":[{"start":{"line":19,"column":9},"end":{"line":19,"column":14}}]},"6":{"loc":{"start":{"line":19,"column":9},"end":{"line":19,"column":98}},"type":"binary-expr","locations":[{"start":{"line":19,"column":9},"end":{"line":19,"column":14}},{"start":{"line":19,"column":18},"end":{"line":19,"column":26}},{"start":{"line":19,"column":30},"end":{"line":19,"column":39}},{"start":{"line":19,"column":43},"end":{"line":19,"column":51}},{"start":{"line":19,"column":56},"end":{"line":19,"column":77}},{"start":{"line":19,"column":81},"end":{"line":19,"column":97}}]},"7":{"loc":{"start":{"line":23,"column":6},"end":{"line":23,"column":61}},"type":"if","locations":[{"start":{"line":23,"column":6},"end":{"line":23,"column":61}}]},"8":{"loc":{"start":{"line":24,"column":6},"end":{"line":24,"column":58}},"type":"if","locations":[{"start":{"line":24,"column":6},"end":{"line":24,"column":58}}]},"9":{"loc":{"start":{"line":25,"column":6},"end":{"line":25,"column":69}},"type":"if","locations":[{"start":{"line":25,"column":6},"end":{"line":25,"column":69}}]},"10":{"loc":{"start":{"line":40,"column":9},"end":{"line":50,"column":13}},"type":"switch","locations":[{"start":{"line":40,"column":9},"end":{"line":50,"column":13}},{"start":{"line":52,"column":9},"end":{"line":55,"column":11}}]},"11":{"loc":{"start":{"line":32,"column":12},"end":{"line":32,"column":17}},"type":"if","locations":[{"start":{"line":32,"column":12},"end":{"line":32,"column":17}}]},"12":{"loc":{"start":{"line":32,"column":12},"end":{"line":32,"column":29}},"type":"binary-expr","locations":[{"start":{"line":32,"column":12},"end":{"line":32,"column":17}},{"start":{"line":32,"column":21},"end":{"line":32,"column":29}}]},"13":{"loc":{"start":{"line":34,"column":9},"end":{"line":34,"column":48}},"type":"if","locations":[{"start":{"line":34,"column":9},"end":{"line":34,"column":48}}]},"14":{"loc":{"start":{"line":35,"column":9},"end":{"line":39,"column":null}},"type":"if","locations":[{"start":{"line":35,"column":9},"end":{"line":39,"column":null}}]}},"s":{"0":7,"1":7,"2":7,"3":7,"4":0,"5":0,"6":0,"7":0,"8":0,"9":0,"10":0,"11":0,"12":0,"13":0,"14":0,"15":0,"16":0,"17":0,"18":0,"19":0,"20":0,"21":0,"22":0,"23":0,"24":0,"25":0,"26":0,"27":0,"28":0,"29":0,"30":0,"31":0,"32":0,"33":0,"34":0,"35":0,"36":0,"37":0,"38":0,"39":0,"40":0,"41":0,"42":0,"43":7},"f":{"0":0,"1":0,"2":0,"3":0},"b":{"0":[0,0,0,0,0,0],"1":[0],"2":[0],"3":[0],"4":[0],"5":[0],"6":[0,0,0,0,0,0],"7":[0],"8":[0],"9":[0],"10":[0,0],"11":[0],"12":[0,0],"13":[0],"14":[0]}}
,"C:\\Users\\jveme\\Documents\\GitHub\\MindUniversity_SecondChallenge_FullStackApp\\server\\src\\utils\\constants.ts": {"path":"C:\\Users\\jveme\\Documents\\GitHub\\MindUniversity_SecondChallenge_FullStackApp\\server\\src\\utils\\constants.ts","statementMap":{"0":{"start":{"line":2,"column":13},"end":{"line":2,"column":36}},"1":{"start":{"line":5,"column":13},"end":{"line":5,"column":32}}},"fnMap":{},"branchMap":{},"s":{"0":7,"1":7},"f":{},"b":{}}
}
