TN:
SF:src\auth\hashOperations.ts
FN:9,(anonymous_1)
FN:15,(anonymous_2)
FNF:2
FNH:2
FNDA:1,(anonymous_1)
FNDA:15,(anonymous_2)
DA:1,7
DA:2,7
DA:9,7
DA:10,1
DA:11,1
DA:12,1
DA:15,7
DA:16,15
LF:8
LH:8
BRF:0
BRH:0
end_of_record
TN:
SF:src\auth\index.ts
FNF:0
FNH:0
DA:1,7
DA:2,7
LF:2
LH:2
BRF:0
BRH:0
end_of_record
TN:
SF:src\auth\jwtOperations.ts
FN:12,(anonymous_1)
FN:19,(anonymous_2)
FNF:2
FNH:2
FNDA:20,(anonymous_1)
FNDA:31,(anonymous_2)
DA:1,7
DA:2,7
DA:12,7
DA:13,20
DA:14,20
DA:19,7
DA:20,31
DA:21,25
DA:22,25
DA:23,25
DA:25,6
DA:28,6
LF:12
LH:12
BRDA:13,0,0,20
BRDA:13,0,1,0
BRDA:20,1,0,25
BRDA:20,1,1,6
BRDA:22,2,0,25
BRDA:22,2,1,0
BRF:6
BRH:4
end_of_record
TN:
SF:src\db\knexfile.ts
FNF:0
FNH:0
DA:1,7
DA:2,7
DA:6,7
LF:3
LH:3
BRF:0
BRH:0
end_of_record
TN:
SF:src\graphql\resolvers.ts
FNF:0
FNH:0
DA:1,7
DA:2,7
DA:3,7
DA:4,7
DA:6,7
DA:26,7
LF:6
LH:6
BRF:0
BRH:0
end_of_record
TN:
SF:src\graphql\shcema.ts
FNF:0
FNH:0
DA:1,7
DA:2,7
DA:3,7
DA:4,7
DA:6,7
DA:21,7
DA:23,7
LF:7
LH:7
BRF:0
BRH:0
end_of_record
TN:
SF:src\graphql\account\resolvers.ts
FN:16,(anonymous_13)
FN:45,(anonymous_16)
FN:58,(anonymous_19)
FN:93,(anonymous_20)
FN:95,(anonymous_23)
FN:97,(anonymous_26)
FNF:6
FNH:0
FNDA:0,(anonymous_13)
FNDA:0,(anonymous_16)
FNDA:0,(anonymous_19)
FNDA:0,(anonymous_20)
FNDA:0,(anonymous_23)
FNDA:0,(anonymous_26)
DA:1,7
DA:2,7
DA:4,7
DA:13,7
DA:15,7
DA:19,0
DA:21,0
DA:22,0
DA:23,0
DA:24,0
DA:25,0
DA:30,0
DA:31,0
DA:33,0
DA:36,0
DA:39,0
DA:42,0
DA:48,0
DA:50,0
DA:51,0
DA:52,0
DA:53,0
DA:54,0
DA:59,0
DA:61,0
DA:63,0
DA:64,0
DA:65,0
DA:66,0
DA:73,0
DA:78,0
DA:81,0
DA:86,7
DA:92,7
DA:93,0
DA:94,0
DA:95,0
DA:96,0
DA:97,0
DA:98,0
LF:40
LH:7
BRDA:36,0,0,0
BRDA:36,0,1,0
BRDA:36,0,2,0
BRDA:22,1,0,0
BRDA:23,2,0,0
BRDA:24,3,0,0
BRDA:30,4,0,0
BRDA:30,4,1,0
BRDA:78,5,0,0
BRDA:78,5,1,0
BRDA:51,6,0,0
BRDA:52,7,0,0
BRDA:53,8,0,0
BRDA:53,8,1,0
BRDA:61,9,0,0
BRDA:61,9,1,0
BRDA:64,10,0,0
BRDA:64,10,1,0
BRDA:65,11,0,0
BRDA:65,11,1,0
BRF:20
BRH:0
end_of_record
TN:
SF:src\graphql\account\schema.ts
FNF:0
FNH:0
DA:1,7
LF:1
LH:1
BRF:0
BRH:0
end_of_record
TN:
SF:src\graphql\account\mutations\createAccount.ts
FN:12,(anonymous_14)
FN:32,(anonymous_17)
FN:42,(anonymous_20)
FN:49,(anonymous_21)
FNF:4
FNH:0
FNDA:0,(anonymous_14)
FNDA:0,(anonymous_17)
FNDA:0,(anonymous_20)
FNDA:0,(anonymous_21)
DA:1,7
DA:2,7
DA:4,7
DA:5,7
DA:12,7
DA:15,0
DA:17,0
DA:18,0
DA:19,0
DA:20,0
DA:21,0
DA:22,0
DA:23,0
DA:24,0
DA:32,0
DA:33,0
DA:34,0
DA:43,0
DA:50,0
DA:51,0
DA:54,0
DA:57,0
DA:60,0
DA:63,0
LF:24
LH:5
BRDA:24,0,0,0
BRDA:24,0,1,0
BRDA:24,0,2,0
BRDA:24,0,3,0
BRDA:24,0,4,0
BRDA:18,1,0,0
BRDA:19,2,0,0
BRDA:20,3,0,0
BRDA:20,4,0,0
BRDA:20,4,1,0
BRDA:20,4,2,0
BRDA:22,5,0,0
BRDA:34,6,0,0
BRF:13
BRH:0
end_of_record
TN:
SF:src\graphql\account\mutations\deleteAccount.ts
FN:6,(anonymous_13)
FN:20,(anonymous_16)
FN:26,(anonymous_19)
FNF:3
FNH:0
FNDA:0,(anonymous_13)
FNDA:0,(anonymous_16)
FNDA:0,(anonymous_19)
DA:1,7
DA:2,7
DA:4,7
DA:6,7
DA:9,0
DA:11,0
DA:12,0
DA:13,0
DA:14,0
DA:15,0
DA:20,0
DA:21,0
DA:27,0
DA:28,0
DA:31,0
DA:34,0
DA:37,0
LF:17
LH:4
BRDA:15,0,0,0
BRDA:15,0,1,0
BRDA:15,0,2,0
BRDA:15,0,3,0
BRDA:12,1,0,0
BRDA:13,2,0,0
BRDA:14,3,0,0
BRF:7
BRH:0
end_of_record
TN:
SF:src\graphql\account\mutations\index.ts
FNF:0
FNH:0
DA:1,7
DA:2,7
DA:3,7
LF:3
LH:3
BRF:0
BRH:0
end_of_record
TN:
SF:src\graphql\account\mutations\updateAccount.ts
FN:12,(anonymous_13)
FN:37,(anonymous_16)
FN:43,(anonymous_17)
FNF:3
FNH:0
FNDA:0,(anonymous_13)
FNDA:0,(anonymous_16)
FNDA:0,(anonymous_17)
DA:1,7
DA:3,7
DA:5,7
DA:12,7
DA:15,0
DA:17,0
DA:18,0
DA:19,0
DA:20,0
DA:24,0
DA:25,0
DA:26,0
DA:27,0
DA:31,0
DA:32,0
DA:33,0
DA:34,0
DA:38,0
DA:44,0
DA:45,0
DA:48,0
DA:51,0
DA:54,0
DA:57,0
LF:24
LH:4
BRDA:34,0,0,0
BRDA:34,0,1,0
BRDA:34,0,2,0
BRDA:34,0,3,0
BRDA:34,0,4,0
BRDA:18,1,0,0
BRDA:19,2,0,0
BRDA:24,3,0,0
BRDA:26,4,0,0
BRDA:26,5,0,0
BRDA:26,5,1,0
BRDA:26,5,2,0
BRDA:31,6,0,0
BRDA:32,7,0,0
BRDA:33,8,0,0
BRF:15
BRH:0
end_of_record
TN:
SF:src\graphql\tests\user\queries.ts
FNF:0
FNH:0
DA:1,7
DA:3,7
DA:9,7
DA:20,7
DA:29,7
DA:44,7
DA:53,7
DA:76,7
LF:8
LH:8
BRDA:3,0,0,7
BRDA:3,0,1,7
BRDA:9,1,0,7
BRDA:9,1,1,7
BRDA:20,2,0,7
BRDA:20,2,1,7
BRDA:29,3,0,7
BRDA:29,3,1,7
BRDA:44,4,0,7
BRDA:44,4,1,7
BRDA:53,5,0,7
BRDA:53,5,1,7
BRDA:76,6,0,7
BRDA:76,6,1,7
BRF:14
BRH:14
end_of_record
TN:
SF:src\graphql\tests\utils\apolloConnection.ts
FN:23,(anonymous_1)
FNF:1
FNH:1
FNDA:66,(anonymous_1)
DA:1,7
DA:2,7
DA:3,7
DA:5,7
DA:6,7
DA:8,7
DA:23,7
DA:24,66
LF:8
LH:8
BRF:0
BRH:0
end_of_record
TN:
SF:src\graphql\tests\utils\getJWT.ts
FN:4,(anonymous_13)
FNF:1
FNH:1
FNDA:26,(anonymous_13)
DA:1,6
DA:2,6
DA:4,19
DA:5,13
DA:6,13
DA:10,13
LF:6
LH:6
BRDA:10,0,0,0
BRDA:10,0,1,13
BRDA:10,1,0,13
BRDA:10,1,1,13
BRF:4
BRH:3
end_of_record
TN:
SF:src\graphql\tests\utils\index.ts
FNF:0
FNH:0
DA:1,6
DA:2,6
LF:2
LH:2
BRF:0
BRH:0
end_of_record
TN:
SF:src\graphql\user\resolvers.ts
FN:15,(anonymous_13)
FN:39,(anonymous_16)
FN:51,(anonymous_19)
FN:83,(anonymous_20)
FN:85,(anonymous_23)
FN:90,(anonymous_26)
FN:92,(anonymous_29)
FNF:7
FNH:3
FNDA:5,(anonymous_13)
FNDA:3,(anonymous_16)
FNDA:1,(anonymous_19)
FNDA:0,(anonymous_20)
FNDA:0,(anonymous_23)
FNDA:0,(anonymous_26)
FNDA:0,(anonymous_29)
DA:1,7
DA:2,7
DA:3,7
DA:14,7
DA:18,5
DA:20,5
DA:21,4
DA:22,2
DA:27,2
DA:28,1
DA:30,1
DA:33,1
DA:36,0
DA:42,3
DA:44,3
DA:45,1
DA:47,1
DA:52,1
DA:54,1
DA:56,1
DA:57,1
DA:58,1
DA:59,1
DA:67,1
DA:69,0
DA:74,7
DA:82,7
DA:83,0
DA:84,0
DA:85,0
DA:86,0
DA:89,7
DA:90,0
DA:91,0
DA:92,0
DA:93,0
LF:36
LH:26
BRDA:33,0,0,1
BRDA:33,0,1,0
BRDA:20,1,0,0
BRDA:21,2,0,1
BRDA:27,3,0,1
BRDA:27,3,1,1
BRDA:69,4,0,0
BRDA:44,5,0,0
BRDA:45,6,0,1
BRDA:45,6,1,1
BRDA:54,7,0,0
BRDA:54,7,1,1
BRDA:57,8,0,1
BRDA:57,8,1,1
BRDA:58,9,0,1
BRDA:58,9,1,1
BRF:16
BRH:11
end_of_record
TN:
SF:src\graphql\user\shcema.ts
FNF:0
FNH:0
DA:1,7
LF:1
LH:1
BRF:0
BRH:0
end_of_record
TN:
SF:src\graphql\user\mutations\createUser.ts
FN:12,(anonymous_14)
FN:35,(anonymous_17)
FN:44,(anonymous_20)
FN:51,(anonymous_21)
FNF:4
FNH:3
FNDA:5,(anonymous_14)
FNDA:2,(anonymous_17)
FNDA:1,(anonymous_20)
FNDA:0,(anonymous_21)
DA:1,7
DA:2,7
DA:3,7
DA:12,7
DA:15,5
DA:17,5
DA:18,3
DA:19,3
DA:20,3
DA:24,4
DA:25,3
DA:26,1
DA:27,1
DA:28,1
DA:35,1
DA:36,1
DA:45,1
DA:52,0
DA:55,1
DA:58,1
DA:61,0
LF:21
LH:19
BRDA:28,0,0,1
BRDA:28,0,1,1
BRDA:28,0,2,1
BRDA:28,0,3,0
BRDA:18,1,0,0
BRDA:24,2,0,1
BRDA:24,3,0,3
BRDA:24,3,1,1
BRDA:24,4,0,0
BRDA:24,4,1,3
BRDA:24,5,0,3
BRDA:24,5,1,3
BRDA:24,6,0,1
BRDA:24,6,1,0
BRDA:24,7,0,1
BRDA:24,7,1,1
BRDA:25,8,0,1
BRDA:25,9,0,2
BRDA:25,9,1,1
BRDA:25,9,2,1
BRDA:25,9,3,1
BRF:21
BRH:17
end_of_record
TN:
SF:src\graphql\user\mutations\deleteUsers.ts
FN:11,(anonymous_13)
FN:26,(anonymous_16)
FN:33,(anonymous_17)
FN:39,(anonymous_18)
FNF:4
FNH:3
FNDA:6,(anonymous_13)
FNDA:2,(anonymous_16)
FNDA:1,(anonymous_17)
FNDA:0,(anonymous_18)
DA:1,7
DA:2,7
DA:11,7
DA:14,6
DA:16,6
DA:17,4
DA:18,4
DA:19,4
DA:23,5
DA:24,4
DA:25,2
DA:26,2
DA:27,2
DA:28,1
DA:34,1
DA:40,0
DA:41,0
DA:44,1
DA:47,1
DA:50,1
DA:53,0
LF:21
LH:18
BRDA:47,0,0,1
BRDA:47,0,1,1
BRDA:47,0,2,0
BRDA:17,1,0,0
BRDA:23,2,0,1
BRDA:23,3,0,4
BRDA:23,3,1,1
BRDA:23,4,0,0
BRDA:23,4,1,4
BRDA:23,5,0,4
BRDA:23,5,1,4
BRDA:23,6,0,1
BRDA:23,6,1,0
BRDA:23,7,0,1
BRDA:23,7,1,1
BRDA:24,8,0,1
BRDA:27,9,0,1
BRDA:27,9,1,1
BRF:18
BRH:14
end_of_record
TN:
SF:src\graphql\user\mutations\index.ts
FNF:0
FNH:0
DA:1,7
DA:2,7
DA:3,7
DA:4,7
DA:5,7
LF:5
LH:5
BRF:0
BRH:0
end_of_record
TN:
SF:src\graphql\user\mutations\login.ts
FN:7,(anonymous_13)
FNF:1
FNH:1
FNDA:17,(anonymous_13)
DA:1,7
DA:2,7
DA:7,7
DA:10,17
DA:12,18
DA:13,16
DA:14,17
DA:15,16
DA:16,28
DA:17,0
DA:18,14
DA:19,14
DA:20,14
DA:21,14
DA:22,14
DA:24,14
DA:26,1
DA:29,1
DA:32,1
LF:19
LH:18
BRDA:26,0,0,1
BRDA:26,0,1,1
BRDA:26,0,2,1
BRDA:12,1,0,1
BRDA:12,2,0,17
BRDA:12,2,1,16
BRDA:14,3,0,1
BRDA:15,4,0,1
BRDA:16,5,0,14
BRDA:19,6,0,14
BRDA:19,6,1,0
BRDA:19,7,0,0
BRDA:19,7,1,0
BRDA:19,8,0,0
BRDA:19,8,1,0
BRDA:20,9,0,14
BRDA:20,9,1,0
BRDA:20,10,0,0
BRDA:20,10,1,0
BRDA:20,11,0,0
BRDA:20,11,1,0
BRDA:21,12,0,14
BRDA:21,12,1,0
BRDA:21,13,0,0
BRDA:21,13,1,0
BRDA:21,14,0,0
BRDA:21,14,1,0
BRDA:21,15,0,0
BRDA:21,15,1,0
BRF:29
BRH:12
end_of_record
TN:
SF:src\graphql\user\mutations\updateUser.ts
FN:7,(anonymous_13)
FN:33,(anonymous_16)
FN:45,(anonymous_19)
FN:58,(anonymous_20)
FNF:4
FNH:3
FNDA:7,(anonymous_13)
FNDA:2,(anonymous_16)
FNDA:1,(anonymous_19)
FNDA:0,(anonymous_20)
DA:2,7
DA:3,7
DA:5,7
DA:7,7
DA:10,7
DA:12,7
DA:13,5
DA:14,6
DA:15,5
DA:16,3
DA:20,4
DA:21,2
DA:22,3
DA:23,1
DA:27,1
DA:28,1
DA:29,1
DA:30,1
DA:33,1
DA:34,1
DA:35,1
DA:36,1
DA:37,1
DA:38,0
DA:39,0
DA:40,0
DA:42,1
DA:46,1
DA:52,0
DA:59,0
DA:60,0
DA:63,1
DA:66,1
DA:69,1
DA:72,1
DA:75,0
LF:36
LH:29
BRDA:30,0,0,1
BRDA:30,0,1,1
BRDA:30,0,2,1
BRDA:30,0,3,1
BRDA:30,0,4,1
BRDA:30,0,5,0
BRDA:13,1,0,0
BRDA:14,2,0,1
BRDA:15,3,0,1
BRDA:20,4,0,1
BRDA:22,5,0,1
BRDA:22,6,0,2
BRDA:22,6,1,1
BRDA:22,6,2,1
BRDA:22,6,3,1
BRDA:22,6,4,1
BRDA:22,6,5,1
BRDA:27,7,0,0
BRDA:28,8,0,0
BRDA:29,9,0,1
BRDA:42,10,0,1
BRDA:42,10,1,0
BRDA:34,11,0,0
BRDA:34,12,0,1
BRDA:34,12,1,0
BRDA:36,13,0,1
BRDA:37,14,0,0
BRF:27
BRH:19
end_of_record
TN:
SF:src\graphql\user\mutations\updateUserInfo.ts
FN:7,(anonymous_13)
FN:31,(anonymous_16)
FN:37,(anonymous_17)
FNF:3
FNH:2
FNDA:5,(anonymous_13)
FNDA:1,(anonymous_16)
FNDA:0,(anonymous_17)
DA:2,7
DA:3,7
DA:7,7
DA:10,5
DA:12,5
DA:13,3
DA:14,3
DA:18,4
DA:19,2
DA:20,3
DA:21,1
DA:25,1
DA:26,1
DA:27,1
DA:28,1
DA:32,1
DA:38,0
DA:39,0
DA:42,1
DA:45,1
DA:48,0
LF:21
LH:18
BRDA:28,0,0,1
BRDA:28,0,1,1
BRDA:28,0,2,1
BRDA:28,0,3,0
BRDA:13,1,0,0
BRDA:18,2,0,1
BRDA:20,3,0,1
BRDA:20,4,0,2
BRDA:20,4,1,1
BRDA:20,4,2,1
BRDA:25,5,0,1
BRDA:26,6,0,1
BRDA:27,7,0,1
BRF:13
BRH:11
end_of_record
TN:
SF:src\graphql\userAccount\resolvers.ts
FN:17,(anonymous_13)
FN:45,(anonymous_16)
FN:56,(anonymous_19)
FN:79,(anonymous_20)
FN:103,(anonymous_21)
FN:105,(anonymous_24)
FN:107,(anonymous_27)
FN:109,(anonymous_30)
FNF:8
FNH:0
FNDA:0,(anonymous_13)
FNDA:0,(anonymous_16)
FNDA:0,(anonymous_19)
FNDA:0,(anonymous_20)
FNDA:0,(anonymous_21)
FNDA:0,(anonymous_24)
FNDA:0,(anonymous_27)
FNDA:0,(anonymous_30)
DA:1,7
DA:2,7
DA:3,7
DA:6,7
DA:16,7
DA:20,0
DA:22,0
DA:23,0
DA:24,0
DA:25,0
DA:26,0
DA:30,0
DA:31,0
DA:33,0
DA:36,0
DA:39,0
DA:42,0
DA:48,0
DA:50,0
DA:51,0
DA:52,0
DA:53,0
DA:54,0
DA:55,0
DA:56,0
DA:57,0
DA:58,0
DA:59,0
DA:60,0
DA:61,0
DA:62,0
DA:63,0
DA:65,0
DA:74,0
DA:80,0
DA:83,0
DA:89,0
DA:92,0
DA:97,7
DA:102,7
DA:103,0
DA:104,0
DA:105,0
DA:106,0
DA:107,0
DA:108,0
DA:109,0
DA:110,0
LF:48
LH:7
BRDA:36,0,0,0
BRDA:36,0,1,0
BRDA:36,0,2,0
BRDA:23,1,0,0
BRDA:24,2,0,0
BRDA:25,3,0,0
BRDA:30,4,0,0
BRDA:30,4,1,0
BRDA:89,5,0,0
BRDA:89,5,1,0
BRDA:51,6,0,0
BRDA:52,7,0,0
BRDA:57,8,0,0
BRDA:59,9,0,0
BRDA:61,10,0,0
BRDA:62,11,0,0
BRDA:86,12,0,0
BRDA:86,12,1,0
BRDA:111,13,0,0
BRDA:111,13,1,0
BRF:20
BRH:0
end_of_record
TN:
SF:src\graphql\userAccount\schema.ts
FNF:0
FNH:0
DA:1,7
LF:1
LH:1
BRF:0
BRH:0
end_of_record
TN:
SF:src\graphql\userAccount\mutations\addUserAccount.ts
FN:14,(anonymous_14)
FN:46,(anonymous_17)
FN:52,(anonymous_20)
FNF:3
FNH:0
FNDA:0,(anonymous_14)
FNDA:0,(anonymous_17)
FNDA:0,(anonymous_20)
DA:1,7
DA:2,7
DA:3,7
DA:5,7
DA:14,7
DA:17,0
DA:19,0
DA:20,0
DA:21,0
DA:22,0
DA:23,0
DA:24,0
DA:25,0
DA:29,0
DA:30,0
DA:34,0
DA:35,0
DA:37,0
DA:38,0
DA:46,0
DA:47,0
DA:53,0
DA:54,0
DA:58,0
DA:61,0
DA:64,0
DA:67,0
DA:70,0
LF:28
LH:5
BRDA:38,0,0,0
BRDA:38,0,1,0
BRDA:38,0,2,0
BRDA:38,0,3,0
BRDA:38,0,4,0
BRDA:38,0,5,0
BRDA:20,1,0,0
BRDA:21,2,0,0
BRDA:22,3,0,0
BRDA:22,4,0,0
BRDA:22,4,1,0
BRDA:22,4,2,0
BRDA:24,5,0,0
BRDA:29,6,0,0
BRDA:34,7,0,0
BRF:15
BRH:0
end_of_record
TN:
SF:src\graphql\userAccount\mutations\index.ts
FNF:0
FNH:0
DA:1,7
DA:2,7
LF:2
LH:2
BRF:0
BRH:0
end_of_record
TN:
SF:src\graphql\userAccount\mutations\updateUserAccount.ts
FN:12,(anonymous_14)
FN:34,(anonymous_17)
FN:44,(anonymous_20)
FN:51,(anonymous_21)
FN:62,(anonymous_22)
FN:68,(anonymous_23)
FNF:6
FNH:0
FNDA:0,(anonymous_14)
FNDA:0,(anonymous_17)
FNDA:0,(anonymous_20)
FNDA:0,(anonymous_21)
FNDA:0,(anonymous_22)
FNDA:0,(anonymous_23)
DA:1,7
DA:2,7
DA:3,7
DA:5,7
DA:12,7
DA:15,0
DA:17,0
DA:18,0
DA:19,0
DA:20,0
DA:24,0
DA:25,0
DA:26,0
DA:27,0
DA:28,0
DA:34,0
DA:35,0
DA:36,0
DA:45,0
DA:52,0
DA:53,0
DA:55,0
DA:56,0
DA:63,0
DA:69,0
DA:70,0
DA:73,0
DA:79,0
DA:82,0
DA:85,0
DA:88,0
LF:31
LH:5
BRDA:28,0,0,0
BRDA:28,0,1,0
BRDA:28,0,2,0
BRDA:28,0,3,0
BRDA:28,0,4,0
BRDA:28,0,5,0
BRDA:28,0,6,0
BRDA:18,1,0,0
BRDA:19,2,0,0
BRDA:24,3,0,0
BRDA:26,4,0,0
BRDA:26,5,0,0
BRDA:26,5,1,0
BRDA:27,6,0,0
BRDA:30,7,0,0
BRDA:30,7,1,0
BRDA:36,8,0,0
BRDA:55,9,0,0
BRF:18
BRH:0
end_of_record
TN:
SF:src\graphql\v2\resolversV2.ts
FNF:0
FNH:0
DA:1,7
DA:3,7
DA:7,7
DA:11,7
LF:4
LH:4
BRF:0
BRH:0
end_of_record
TN:
SF:src\graphql\v2\schemaV2.ts
FNF:0
FNH:0
DA:1,7
DA:3,7
LF:2
LH:2
BRF:0
BRH:0
end_of_record
TN:
SF:src\graphql\v2\userV2\resolver.ts
FN:10,(anonymous_13)
FN:26,(anonymous_16)
FN:71,(anonymous_19)
FN:73,(anonymous_22)
FN:78,(anonymous_25)
FN:80,(anonymous_28)
FNF:6
FNH:0
FNDA:0,(anonymous_13)
FNDA:0,(anonymous_16)
FNDA:0,(anonymous_19)
FNDA:0,(anonymous_22)
FNDA:0,(anonymous_25)
FNDA:0,(anonymous_28)
DA:1,7
DA:2,7
DA:3,7
DA:9,7
DA:10,0
DA:11,0
DA:12,0
DA:13,0
DA:14,0
DA:15,0
DA:17,0
DA:20,0
DA:23,0
DA:29,0
DA:31,0
DA:32,0
DA:33,0
DA:34,0
DA:36,0
DA:37,0
DA:39,0
DA:55,0
DA:57,0
DA:62,7
DA:70,7
DA:71,0
DA:72,0
DA:73,0
DA:74,0
DA:77,7
DA:78,0
DA:79,0
DA:80,0
DA:81,0
LF:34
LH:7
BRDA:20,0,0,0
BRDA:20,0,1,0
BRDA:11,1,0,0
BRDA:12,2,0,0
BRDA:14,3,0,0
BRDA:14,3,1,0
BRDA:57,4,0,0
BRDA:31,5,0,0
BRDA:32,6,0,0
BRDA:32,6,1,0
BRDA:36,7,0,0
BRDA:36,7,1,0
BRDA:37,8,0,0
BRDA:37,8,1,0
BRDA:72,9,0,0
BRDA:72,9,1,0
BRDA:74,10,0,0
BRDA:74,10,1,0
BRDA:79,11,0,0
BRDA:79,11,1,0
BRDA:81,12,0,0
BRDA:81,12,1,0
BRDA:81,13,0,0
BRDA:81,13,1,0
BRF:24
BRH:0
end_of_record
TN:
SF:src\graphql\v2\userV2\schema.ts
FNF:0
FNH:0
DA:1,7
LF:1
LH:1
BRF:0
BRH:0
end_of_record
TN:
SF:src\graphql\v2\userV2\mutations\createUserV2.ts
FN:7,(anonymous_14)
FN:27,(anonymous_17)
FN:27,(anonymous_18)
FN:38,(anonymous_20)
FN:45,(anonymous_21)
FNF:5
FNH:0
FNDA:0,(anonymous_14)
FNDA:0,(anonymous_17)
FNDA:0,(anonymous_18)
FNDA:0,(anonymous_20)
FNDA:0,(anonymous_21)
DA:1,7
DA:2,7
DA:3,7
DA:5,7
DA:7,7
DA:10,0
DA:12,0
DA:13,0
DA:14,0
DA:15,0
DA:16,0
DA:17,0
DA:18,0
DA:27,0
DA:28,0
DA:39,0
DA:46,0
DA:47,0
DA:49,0
DA:52,0
DA:55,0
DA:58,0
LF:22
LH:5
BRDA:18,0,0,0
BRDA:18,0,1,0
BRDA:18,0,2,0
BRDA:18,0,3,0
BRDA:13,1,0,0
BRDA:14,2,0,0
BRDA:15,3,0,0
BRDA:15,4,0,0
BRDA:15,4,1,0
BRDA:15,4,2,0
BRDA:15,4,3,0
BRDA:28,5,0,0
BRDA:28,5,1,0
BRDA:46,6,0,0
BRF:14
BRH:0
end_of_record
TN:
SF:src\graphql\v2\userV2\mutations\deleteUsersV2.ts
FN:6,(anonymous_13)
FN:34,(anonymous_16)
FN:45,(anonymous_17)
FN:51,(anonymous_18)
FNF:4
FNH:0
FNDA:0,(anonymous_13)
FNDA:0,(anonymous_16)
FNDA:0,(anonymous_17)
FNDA:0,(anonymous_18)
DA:1,7
DA:2,7
DA:4,7
DA:6,7
DA:9,0
DA:11,0
DA:12,0
DA:13,0
DA:14,0
DA:15,0
DA:16,0
DA:17,0
DA:18,0
DA:31,0
DA:32,0
DA:35,0
DA:46,0
DA:52,0
DA:55,0
DA:58,0
DA:61,0
DA:64,0
DA:67,0
LF:23
LH:4
BRDA:32,0,0,0
BRDA:32,0,1,0
BRDA:32,0,2,0
BRDA:32,0,3,0
BRDA:32,0,4,0
BRDA:32,0,5,0
BRDA:12,1,0,0
BRDA:13,2,0,0
BRDA:14,3,0,0
BRDA:16,4,0,0
BRDA:16,4,1,0
BRDA:16,5,0,0
BRDA:16,5,1,0
BRDA:16,6,0,0
BRDA:16,6,1,0
BRDA:17,7,0,0
BRDA:31,8,0,0
BRF:17
BRH:0
end_of_record
TN:
SF:src\graphql\v2\userV2\mutations\index.ts
FNF:0
FNH:0
DA:1,7
DA:2,7
DA:3,7
DA:4,7
DA:5,7
LF:5
LH:5
BRF:0
BRH:0
end_of_record
TN:
SF:src\graphql\v2\userV2\mutations\loginV2.ts
FN:6,(anonymous_13)
FNF:1
FNH:0
FNDA:0,(anonymous_13)
DA:1,7
DA:2,7
DA:6,7
DA:9,0
DA:11,0
DA:12,0
DA:13,0
DA:14,0
DA:15,0
DA:16,0
DA:17,0
DA:18,0
DA:19,0
DA:20,0
DA:22,0
DA:25,0
DA:28,0
LF:17
LH:3
BRDA:22,0,0,0
BRDA:22,0,1,0
BRDA:22,0,2,0
BRDA:11,1,0,0
BRDA:11,2,0,0
BRDA:11,2,1,0
BRDA:13,3,0,0
BRDA:14,4,0,0
BRDA:16,5,0,0
BRDA:16,5,1,0
BRDA:16,6,0,0
BRDA:16,6,1,0
BRDA:16,7,0,0
BRDA:16,7,1,0
BRDA:17,8,0,0
BRDA:17,8,1,0
BRDA:17,9,0,0
BRDA:17,9,1,0
BRDA:17,10,0,0
BRDA:17,10,1,0
BRDA:18,11,0,0
BRDA:18,11,1,0
BRDA:18,12,0,0
BRDA:18,12,1,0
BRDA:18,13,0,0
BRDA:18,13,1,0
BRDA:18,14,0,0
BRDA:18,14,1,0
BRF:28
BRH:0
end_of_record
TN:
SF:src\graphql\v2\userV2\mutations\updateUserInfoV2.ts
FN:7,(anonymous_13)
FN:29,(anonymous_16)
FN:35,(anonymous_17)
FNF:3
FNH:0
FNDA:0,(anonymous_13)
FNDA:0,(anonymous_16)
FNDA:0,(anonymous_17)
DA:1,7
DA:2,7
DA:7,7
DA:10,0
DA:12,0
DA:13,0
DA:14,0
DA:15,0
DA:16,0
DA:17,0
DA:18,0
DA:21,0
DA:22,0
DA:23,0
DA:24,0
DA:30,0
DA:36,0
DA:39,0
DA:42,0
DA:45,0
LF:20
LH:3
BRDA:24,0,0,0
BRDA:24,0,1,0
BRDA:24,0,2,0
BRDA:24,0,3,0
BRDA:13,1,0,0
BRDA:15,2,0,0
BRDA:17,3,0,0
BRDA:17,4,0,0
BRDA:17,4,1,0
BRDA:17,4,2,0
BRDA:21,5,0,0
BRDA:22,6,0,0
BRDA:23,7,0,0
BRF:13
BRH:0
end_of_record
TN:
SF:src\graphql\v2\userV2\mutations\updateUserV2.ts
FN:7,(anonymous_13)
FN:31,(anonymous_16)
FN:45,(anonymous_19)
FN:58,(anonymous_20)
FNF:4
FNH:0
FNDA:0,(anonymous_13)
FNDA:0,(anonymous_16)
FNDA:0,(anonymous_19)
FNDA:0,(anonymous_20)
DA:1,7
DA:2,7
DA:4,7
DA:7,7
DA:10,0
DA:12,0
DA:13,0
DA:14,0
DA:15,0
DA:16,0
DA:17,0
DA:18,0
DA:19,0
DA:20,0
DA:23,0
DA:24,0
DA:25,0
DA:26,0
DA:31,0
DA:32,0
DA:33,0
DA:34,0
DA:35,0
DA:36,0
DA:37,0
DA:38,0
DA:40,0
DA:46,0
DA:52,0
DA:59,0
DA:62,0
DA:65,0
DA:68,0
DA:71,0
DA:74,0
LF:35
LH:4
BRDA:26,0,0,0
BRDA:26,0,1,0
BRDA:26,0,2,0
BRDA:26,0,3,0
BRDA:26,0,4,0
BRDA:26,0,5,0
BRDA:13,1,0,0
BRDA:14,2,0,0
BRDA:15,3,0,0
BRDA:17,4,0,0
BRDA:19,5,0,0
BRDA:19,6,0,0
BRDA:19,6,1,0
BRDA:19,6,2,0
BRDA:19,6,3,0
BRDA:19,6,4,0
BRDA:19,6,5,0
BRDA:23,7,0,0
BRDA:24,8,0,0
BRDA:25,9,0,0
BRDA:40,10,0,0
BRDA:40,10,1,0
BRDA:32,11,0,0
BRDA:32,12,0,0
BRDA:32,12,1,0
BRDA:34,13,0,0
BRDA:35,14,0,0
BRF:27
BRH:0
end_of_record
TN:
SF:src\utils\constants.ts
FNF:0
FNH:0
DA:2,7
DA:5,7
LF:2
LH:2
BRF:0
BRH:0
end_of_record
